Flutter crash report.
Please report a bug at https://github.com/flutter/flutter/issues.

## command

flutter --no-color run --machine --track-widget-creation --device-id=d9a10a7d --start-paused --dart-define=flutter.inspector.structuredErrors=true lib\main.dart

## exception

OutOfMemoryError: Out of Memory

```
#0      new Uint8List (dart:typed_data-patch/typed_data_patch.dart:2305:3)
#1      Uint8Buffer._createBuffer (package:typed_data/src/typed_buffer.dart:328:40)
#2      TypedDataBuffer._createBiggerBuffer (package:typed_data/src/typed_buffer.dart:259:12)
#3      TypedDataBuffer._ensureCapacity (package:typed_data/src/typed_buffer.dart:241:21)
#4      TypedDataBuffer._insertKnownLength (package:typed_data/src/typed_buffer.dart:209:5)
#5      TypedDataBuffer._addAll (package:typed_data/src/typed_buffer.dart:186:7)
#6      TypedDataBuffer.addAll (package:typed_data/src/typed_buffer.dart:91:5)
#7      HashSink.add (package:crypto/src/hash_sink.dart:79:18)
#8      _ByteAdapterSink.add (dart:convert/byte_conversion.dart:49:11)
#9      Hash.convert (package:crypto/src/hash.dart:28:15)
#10     _calculateSha (package:flutter_tools/src/android/gradle.dart:928:20)
#11     AndroidGradleBuilder.buildGradleApp (package:flutter_tools/src/android/gradle.dart:586:36)
#12     _rootRunUnary (dart:async/zone.dart:1407:47)
#13     _FutureListener.handleValue (dart:async/future_impl.dart:163:18)
#14     Future._propagateToListeners.handleValueCallback (dart:async/future_impl.dart:847:45)
#15     Future._propagateToListeners (dart:async/future_impl.dart:876:13)
#16     Future._completeWithValue (dart:async/future_impl.dart:652:5)
#17     Future._asyncCompleteWithValue.<anonymous closure> (dart:async/future_impl.dart:722:7)
#18     _rootRun (dart:async/zone.dart:1399:13)
#19     _CustomZone.run (dart:async/zone.dart:1301:19)
#20     _CustomZone.runGuarded (dart:async/zone.dart:1209:7)
#21     _CustomZone.bindCallbackGuarded.<anonymous closure> (dart:async/zone.dart:1249:23)
#22     _microtaskLoop (dart:async/schedule_microtask.dart:40:21)
#23     _startMicrotaskLoop (dart:async/schedule_microtask.dart:49:5)
#24     _RawReceivePort._handleMessage (dart:isolate-patch/isolate_patch.dart:185:5)
```

## flutter doctor

```
[!] Flutter (Channel stable, 3.22.2, on Microsoft Windows [Version 10.0.19045.5247], locale ru-RU)
    • Flutter version 3.22.2 on channel stable at C:\Users\verge\Documents\flutter
    ! The flutter binary is not on your path. Consider adding C:\Users\verge\Documents\flutter\bin to your path.
    ! The dart binary is not on your path. Consider adding C:\Users\verge\Documents\flutter\bin to your path.
    • Upstream repository https://github.com/flutter/flutter.git
    • Framework revision 761747bfc5 (7 months ago), 2024-06-05 22:15:13 +0200
    • Engine revision edd8546116
    • Dart version 3.4.3
    • DevTools version 2.34.3
    • If those were intentional, you can disregard the above warnings; however it is recommended to use "git" directly to perform update checks and upgrades.

[✓] Windows Version (Installed version of Windows is version 10 or higher)

[!] Android toolchain - develop for Android devices (Android SDK version 34.0.0)
    • Android SDK at C:\Users\verge\AppData\Local\Android\Sdk
    • Platform android-34, build-tools 34.0.0
    • ANDROID_HOME = C:\Users\verge\AppData\Local\Android\Sdk
    • Java binary at: C:\Program Files\Android\Android Studio1\jbr\bin\java
    • Java version OpenJDK Runtime Environment (build 17.0.10+0--11609105)
    ! Some Android licenses not accepted. To resolve this, run: flutter doctor --android-licenses

[✓] Chrome - develop for the web
    • Chrome at C:\Program Files (x86)\Google\Chrome\Application\chrome.exe

[✓] Visual Studio - develop Windows apps (Visual Studio Community 2022 17.8.0)
    • Visual Studio at C:\Program Files\Microsoft Visual Studio\2022\Community
    • Visual Studio Community 2022 version 17.8.34309.116
    • Windows 10 SDK version 10.0.22621.0

[!] Android Studio (version 2023.2)
    • Android Studio at C:\Program Files\Android\Android Studio
    • Flutter plugin can be installed from:
      🔨 https://plugins.jetbrains.com/plugin/9212-flutter
    • Dart plugin can be installed from:
      🔨 https://plugins.jetbrains.com/plugin/6351-dart
    ✗ Unable to determine bundled Java version.
    • Try updating or re-installing Android Studio.

[✓] Android Studio (version 2024.1)
    • Android Studio at C:\Program Files\Android\Android Studio1
    • Flutter plugin can be installed from:
      🔨 https://plugins.jetbrains.com/plugin/9212-flutter
    • Dart plugin can be installed from:
      🔨 https://plugins.jetbrains.com/plugin/6351-dart
    • Java version OpenJDK Runtime Environment (build 17.0.10+0--11609105)

[✓] IntelliJ IDEA Community Edition (version 2020.2)
    • IntelliJ at C:\Program Files\JetBrains\IntelliJ IDEA Community Edition 2020.2
    • Flutter plugin can be installed from:
      🔨 https://plugins.jetbrains.com/plugin/9212-flutter
    • Dart plugin can be installed from:
      🔨 https://plugins.jetbrains.com/plugin/6351-dart

[✓] IntelliJ IDEA Ultimate Edition (version 2020.1)
    • IntelliJ at C:\Program Files\JetBrains2\IntelliJ IDEA 2020.1
    • Flutter plugin can be installed from:
      🔨 https://plugins.jetbrains.com/plugin/9212-flutter
    • Dart plugin can be installed from:
      🔨 https://plugins.jetbrains.com/plugin/6351-dart

[✓] IntelliJ IDEA Ultimate Edition (version 2021.1)
    • IntelliJ at C:\Program Files\JetBrains1\IntelliJ IDEA 2021.1.3
    • Flutter plugin can be installed from:
      🔨 https://plugins.jetbrains.com/plugin/9212-flutter
    • Dart plugin can be installed from:
      🔨 https://plugins.jetbrains.com/plugin/6351-dart

[✓] VS Code (version 1.87.2)
    • VS Code at C:\Users\verge\AppData\Local\Programs\Microsoft VS Code
    • Flutter extension version 3.88.0

[✓] Connected device (4 available)
    • LE2101 (mobile)   • d9a10a7d • android-arm64  • Android 14 (API 34)
    • Windows (desktop) • windows  • windows-x64    • Microsoft Windows [Version 10.0.19045.5247]
    • Chrome (web)      • chrome   • web-javascript • Google Chrome 131.0.6778.205
    • Edge (web)        • edge     • web-javascript • Microsoft Edge 131.0.2903.112

[✓] Network resources
    • All expected network resources are available.

! Doctor found issues in 3 categories.
```
