#
# There is insufficient memory for the Java Runtime Environment to continue.
# Native memory allocation (malloc) failed to allocate 32744 bytes for ChunkPool::allocate
# Possible reasons:
#   The system is out of physical RAM or swap space
#   The process is running with CompressedOops enabled, and the Java Heap may be blocking the growth of the native heap
# Possible solutions:
#   Reduce memory load on the system
#   Increase physical memory or swap space
#   Check if swap backing store is full
#   Decrease Java heap size (-Xmx/-Xms)
#   Decrease number of Java threads
#   Decrease Java thread stack sizes (-Xss)
#   Set larger code cache with -XX:ReservedCodeCacheSize=
#   JVM is running with Zero Based Compressed Oops mode in which the Java heap is
#     placed in the first 32GB address space. The Java Heap base address is the
#     maximum limit for the native heap growth. Please use -XX:HeapBaseMinAddress
#     to set the Java Heap base and to place the Java Heap above 32GB virtual address.
# This output file may be truncated or incomplete.
#
#  Out of Memory Error (arena.cpp:79), pid=22464, tid=10184
#
# JRE version: OpenJDK Runtime Environment (17.0.10) (build 17.0.10+0--11609105)
# Java VM: OpenJDK 64-Bit Server VM (17.0.10+0--11609105, mixed mode, tiered, compressed oops, compressed class ptrs, g1 gc, windows-amd64)
# No core dump will be written. Minidumps are not enabled by default on client versions of Windows
#

---------------  S U M M A R Y ------------

Command Line: -Dorg.gradle.appname=gradlew org.gradle.wrapper.GradleWrapperMain -q -Ptarget-platform=android-arm64 -Ptarget=C:\Users\verge\Documents\bloc-quiz-main\lib\main.dart -Pbase-application-name=android.app.Application -Pdart-defines=Zmx1dHRlci5pbnNwZWN0b3Iuc3RydWN0dXJlZEVycm9ycz10cnVl,RkxVVFRFUl9XRUJfQ0FOVkFTS0lUX1VSTD1odHRwczovL3d3dy5nc3RhdGljLmNvbS9mbHV0dGVyLWNhbnZhc2tpdC9lZGQ4NTQ2MTE2NDU3YmRmMWM1YmRmYjEzZWNiOTQ2M2QyYmI1ZWQ0Lw== -Pdart-obfuscation=false -Ptrack-widget-creation=true -Ptree-shake-icons=false -Pfilesystem-scheme=org-dartlang-root assembleDebug

Host: Intel(R) Core(TM) i5-8300H CPU @ 2.30GHz, 8 cores, 15G,  Windows 10 , 64 bit Build 19041 (10.0.19041.5198)
Time: Tue Dec 24 23:55:04 2024 RTZ 4 (s 10 , 64 bit Build 19041 (10.0.19041.5198) elapsed time: 7.632555 seconds (0d 0h 0m 7s)

---------------  T H R E A D  ---------------

Current thread (0x00000189a743bce0):  JavaThread "C2 CompilerThread0" daemon [_thread_in_native, id=10184, stack(0x0000000fe2100000,0x0000000fe2200000)]


Current CompileTask:
C2:   7632 1267       4       org.gradle.internal.logging.text.AbstractLineChoppingStyledTextOutput$StateContext::isCurrentCharEquals (70 bytes)

Stack: [0x0000000fe2100000,0x0000000fe2200000]
Native frames: (J=compiled Java code, j=interpreted, Vv=VM code, C=native code)
V  [jvm.dll+0x688de9]
V  [jvm.dll+0x8423da]
V  [jvm.dll+0x84401e]
V  [jvm.dll+0x844683]
V  [jvm.dll+0x24be0f]
V  [jvm.dll+0xac721]
V  [jvm.dll+0xacb6c]
V  [jvm.dll+0x2b396c]
V  [jvm.dll+0x5902b7]
V  [jvm.dll+0x226452]
V  [jvm.dll+0x22683f]
V  [jvm.dll+0x21f966]
V  [jvm.dll+0x21cdb1]
V  [jvm.dll+0x1a60ad]
V  [jvm.dll+0x22cd78]
V  [jvm.dll+0x22aeb0]
V  [jvm.dll+0x7f6877]
V  [jvm.dll+0x7f0c7a]
V  [jvm.dll+0x687c65]
C  [ucrtbase.dll+0x21bb2]
C  [KERNEL32.DLL+0x17374]
C  [ntdll.dll+0x4cc91]


---------------  P R O C E S S  ---------------

Threads class SMR info:
_java_thread_list=0x00000189ac9f3b50, length=15, elements={
0x00000189869780b0, 0x00000189a73ca5b0, 0x00000189a73cbe50, 0x00000189a7434250,
0x00000189a7436d20, 0x00000189a7437e80, 0x00000189a7438840, 0x00000189a743bce0,
0x00000189a7440b20, 0x00000189a7443cd0, 0x00000189a75ab010, 0x00000189a75b09c0,
0x00000189ac890710, 0x00000189acc6af20, 0x00000189acb29b30
}

Java Threads: ( => current thread )
  0x00000189869780b0 JavaThread "main" [_thread_in_native, id=18344, stack(0x0000000fe1400000,0x0000000fe1500000)]
  0x00000189a73ca5b0 JavaThread "Reference Handler" daemon [_thread_blocked, id=18232, stack(0x0000000fe1b00000,0x0000000fe1c00000)]
  0x00000189a73cbe50 JavaThread "Finalizer" daemon [_thread_blocked, id=22704, stack(0x0000000fe1c00000,0x0000000fe1d00000)]
  0x00000189a7434250 JavaThread "Signal Dispatcher" daemon [_thread_blocked, id=23016, stack(0x0000000fe1d00000,0x0000000fe1e00000)]
  0x00000189a7436d20 JavaThread "Attach Listener" daemon [_thread_blocked, id=18872, stack(0x0000000fe1e00000,0x0000000fe1f00000)]
  0x00000189a7437e80 JavaThread "Service Thread" daemon [_thread_blocked, id=3176, stack(0x0000000fe1f00000,0x0000000fe2000000)]
  0x00000189a7438840 JavaThread "Monitor Deflation Thread" daemon [_thread_blocked, id=3740, stack(0x0000000fe2000000,0x0000000fe2100000)]
=>0x00000189a743bce0 JavaThread "C2 CompilerThread0" daemon [_thread_in_native, id=10184, stack(0x0000000fe2100000,0x0000000fe2200000)]
  0x00000189a7440b20 JavaThread "C1 CompilerThread0" daemon [_thread_blocked, id=5552, stack(0x0000000fe2200000,0x0000000fe2300000)]
  0x00000189a7443cd0 JavaThread "Sweeper thread" daemon [_thread_blocked, id=7056, stack(0x0000000fe2300000,0x0000000fe2400000)]
  0x00000189a75ab010 JavaThread "Notification Thread" daemon [_thread_blocked, id=24276, stack(0x0000000fe2400000,0x0000000fe2500000)]
  0x00000189a75b09c0 JavaThread "Common-Cleaner" daemon [_thread_blocked, id=18884, stack(0x0000000fe2600000,0x0000000fe2700000)]
  0x00000189ac890710 JavaThread "pool-1-thread-1" [_thread_blocked, id=22008, stack(0x0000000fe2d00000,0x0000000fe2e00000)]
  0x00000189acc6af20 JavaThread "DisconnectableInputStream source reader" daemon [_thread_in_native, id=21376, stack(0x0000000fe2e00000,0x0000000fe2f00000)]
  0x00000189acb29b30 JavaThread "Forward input" [_thread_blocked, id=14856, stack(0x0000000fe2f00000,0x0000000fe3000000)]

Other Threads:
  0x00000189a725e940 VMThread "VM Thread" [stack: 0x0000000fe1a00000,0x0000000fe1b00000] [id=13168]
  0x00000189a75ab4f0 WatcherThread [stack: 0x0000000fe2500000,0x0000000fe2600000] [id=18772]
  0x00000189869e32e0 GCTaskThread "GC Thread#0" [stack: 0x0000000fe1500000,0x0000000fe1600000] [id=16044]
  0x00000189ac4f7a50 GCTaskThread "GC Thread#1" [stack: 0x0000000fe2800000,0x0000000fe2900000] [id=13892]
  0x00000189ac4f7d10 GCTaskThread "GC Thread#2" [stack: 0x0000000fe2900000,0x0000000fe2a00000] [id=18100]
  0x00000189ac4f7fd0 GCTaskThread "GC Thread#3" [stack: 0x0000000fe2a00000,0x0000000fe2b00000] [id=22688]
  0x00000189ac4f8290 GCTaskThread "GC Thread#4" [stack: 0x0000000fe2b00000,0x0000000fe2c00000] [id=20176]
  0x00000189acc12030 GCTaskThread "GC Thread#5" [stack: 0x0000000fe2c00000,0x0000000fe2d00000] [id=2676]
  0x00000189869f3fd0 ConcurrentGCThread "G1 Main Marker" [stack: 0x0000000fe1600000,0x0000000fe1700000] [id=10144]
  0x00000189869f5190 ConcurrentGCThread "G1 Conc#0" [stack: 0x0000000fe1700000,0x0000000fe1800000] [id=22280]
  0x0000018986a2ea80 ConcurrentGCThread "G1 Refine#0" [stack: 0x0000000fe1800000,0x0000000fe1900000] [id=22596]
  0x00000189a71006a0 ConcurrentGCThread "G1 Service" [stack: 0x0000000fe1900000,0x0000000fe1a00000] [id=9288]

Threads with active compile tasks:
C2 CompilerThread0     7661 1267       4       org.gradle.internal.logging.text.AbstractLineChoppingStyledTextOutput$StateContext::isCurrentCharEquals (70 bytes)

VM state: not at safepoint (normal execution)

VM Mutex/Monitor currently owned by a thread: None

Heap address: 0x0000000702600000, size: 4058 MB, Compressed Oops mode: Zero based, Oop shift amount: 3

CDS archive(s) not mapped
Compressed class space mapped at: 0x0000000800000000-0x0000000840000000, reserved size: 1073741824
Narrow klass base: 0x0000000800000000, Narrow klass shift: 0, Narrow klass range: 0x40000000

GC Precious Log:
 CPUs: 8 total, 8 available
 Memory: 16229M
 Large Page Support: Disabled
 NUMA Support: Disabled
 Compressed Oops: Enabled (Zero based)
 Heap Region Size: 2M
 Heap Min Capacity: 8M
 Heap Initial Capacity: 254M
 Heap Max Capacity: 4058M
 Pre-touch: Disabled
 Parallel Workers: 8
 Concurrent Workers: 2
 Concurrent Refinement Workers: 8
 Periodic GC: Disabled

Heap:
 garbage-first heap   total 260096K, used 24402K [0x0000000702600000, 0x0000000800000000)
  region size 2048K, 10 young (20480K), 2 survivors (4096K)
 Metaspace       used 16445K, committed 16640K, reserved 1114112K
  class space    used 1920K, committed 2048K, reserved 1048576K

Heap Regions: E=young(eden), S=young(survivor), O=old, HS=humongous(starts), HC=humongous(continues), CS=collection set, F=free, OA=open archive, CA=closed archive, TAMS=top-at-mark-start (previous, next)
|   0|0x0000000702600000, 0x0000000702800000, 0x0000000702800000|100%|HS|  |TAMS 0x0000000702600000, 0x0000000702600000| Complete 
|   1|0x0000000702800000, 0x0000000702a00000, 0x0000000702a00000|100%|HC|  |TAMS 0x0000000702800000, 0x0000000702800000| Complete 
|   2|0x0000000702a00000, 0x0000000702bd4808, 0x0000000702c00000| 91%| O|  |TAMS 0x0000000702a00000, 0x0000000702a00000| Untracked 
|   3|0x0000000702c00000, 0x0000000702c00000, 0x0000000702e00000|  0%| F|  |TAMS 0x0000000702c00000, 0x0000000702c00000| Untracked 
|   4|0x0000000702e00000, 0x0000000702e00000, 0x0000000703000000|  0%| F|  |TAMS 0x0000000702e00000, 0x0000000702e00000| Untracked 
|   5|0x0000000703000000, 0x0000000703000000, 0x0000000703200000|  0%| F|  |TAMS 0x0000000703000000, 0x0000000703000000| Untracked 
|   6|0x0000000703200000, 0x0000000703200000, 0x0000000703400000|  0%| F|  |TAMS 0x0000000703200000, 0x0000000703200000| Untracked 
|   7|0x0000000703400000, 0x0000000703400000, 0x0000000703600000|  0%| F|  |TAMS 0x0000000703400000, 0x0000000703400000| Untracked 
|   8|0x0000000703600000, 0x0000000703600000, 0x0000000703800000|  0%| F|  |TAMS 0x0000000703600000, 0x0000000703600000| Untracked 
|   9|0x0000000703800000, 0x0000000703800000, 0x0000000703a00000|  0%| F|  |TAMS 0x0000000703800000, 0x0000000703800000| Untracked 
|  10|0x0000000703a00000, 0x0000000703a00000, 0x0000000703c00000|  0%| F|  |TAMS 0x0000000703a00000, 0x0000000703a00000| Untracked 
|  11|0x0000000703c00000, 0x0000000703c00000, 0x0000000703e00000|  0%| F|  |TAMS 0x0000000703c00000, 0x0000000703c00000| Untracked 
|  12|0x0000000703e00000, 0x0000000703e00000, 0x0000000704000000|  0%| F|  |TAMS 0x0000000703e00000, 0x0000000703e00000| Untracked 
|  13|0x0000000704000000, 0x0000000704000000, 0x0000000704200000|  0%| F|  |TAMS 0x0000000704000000, 0x0000000704000000| Untracked 
|  14|0x0000000704200000, 0x0000000704200000, 0x0000000704400000|  0%| F|  |TAMS 0x0000000704200000, 0x0000000704200000| Untracked 
|  15|0x0000000704400000, 0x0000000704400000, 0x0000000704600000|  0%| F|  |TAMS 0x0000000704400000, 0x0000000704400000| Untracked 
|  16|0x0000000704600000, 0x0000000704600000, 0x0000000704800000|  0%| F|  |TAMS 0x0000000704600000, 0x0000000704600000| Untracked 
|  17|0x0000000704800000, 0x0000000704800000, 0x0000000704a00000|  0%| F|  |TAMS 0x0000000704800000, 0x0000000704800000| Untracked 
|  18|0x0000000704a00000, 0x0000000704a00000, 0x0000000704c00000|  0%| F|  |TAMS 0x0000000704a00000, 0x0000000704a00000| Untracked 
|  19|0x0000000704c00000, 0x0000000704c00000, 0x0000000704e00000|  0%| F|  |TAMS 0x0000000704c00000, 0x0000000704c00000| Untracked 
|  20|0x0000000704e00000, 0x0000000704e00000, 0x0000000705000000|  0%| F|  |TAMS 0x0000000704e00000, 0x0000000704e00000| Untracked 
|  21|0x0000000705000000, 0x0000000705000000, 0x0000000705200000|  0%| F|  |TAMS 0x0000000705000000, 0x0000000705000000| Untracked 
|  22|0x0000000705200000, 0x0000000705200000, 0x0000000705400000|  0%| F|  |TAMS 0x0000000705200000, 0x0000000705200000| Untracked 
|  23|0x0000000705400000, 0x0000000705400000, 0x0000000705600000|  0%| F|  |TAMS 0x0000000705400000, 0x0000000705400000| Untracked 
|  24|0x0000000705600000, 0x0000000705600000, 0x0000000705800000|  0%| F|  |TAMS 0x0000000705600000, 0x0000000705600000| Untracked 
|  25|0x0000000705800000, 0x0000000705800000, 0x0000000705a00000|  0%| F|  |TAMS 0x0000000705800000, 0x0000000705800000| Untracked 
|  26|0x0000000705a00000, 0x0000000705a00000, 0x0000000705c00000|  0%| F|  |TAMS 0x0000000705a00000, 0x0000000705a00000| Untracked 
|  27|0x0000000705c00000, 0x0000000705c00000, 0x0000000705e00000|  0%| F|  |TAMS 0x0000000705c00000, 0x0000000705c00000| Untracked 
|  28|0x0000000705e00000, 0x0000000705e00000, 0x0000000706000000|  0%| F|  |TAMS 0x0000000705e00000, 0x0000000705e00000| Untracked 
|  29|0x0000000706000000, 0x0000000706000000, 0x0000000706200000|  0%| F|  |TAMS 0x0000000706000000, 0x0000000706000000| Untracked 
|  30|0x0000000706200000, 0x0000000706200000, 0x0000000706400000|  0%| F|  |TAMS 0x0000000706200000, 0x0000000706200000| Untracked 
|  31|0x0000000706400000, 0x0000000706400000, 0x0000000706600000|  0%| F|  |TAMS 0x0000000706400000, 0x0000000706400000| Untracked 
|  32|0x0000000706600000, 0x0000000706600000, 0x0000000706800000|  0%| F|  |TAMS 0x0000000706600000, 0x0000000706600000| Untracked 
|  33|0x0000000706800000, 0x0000000706800000, 0x0000000706a00000|  0%| F|  |TAMS 0x0000000706800000, 0x0000000706800000| Untracked 
|  34|0x0000000706a00000, 0x0000000706a00000, 0x0000000706c00000|  0%| F|  |TAMS 0x0000000706a00000, 0x0000000706a00000| Untracked 
|  35|0x0000000706c00000, 0x0000000706c00000, 0x0000000706e00000|  0%| F|  |TAMS 0x0000000706c00000, 0x0000000706c00000| Untracked 
|  36|0x0000000706e00000, 0x0000000706e00000, 0x0000000707000000|  0%| F|  |TAMS 0x0000000706e00000, 0x0000000706e00000| Untracked 
|  37|0x0000000707000000, 0x0000000707000000, 0x0000000707200000|  0%| F|  |TAMS 0x0000000707000000, 0x0000000707000000| Untracked 
|  38|0x0000000707200000, 0x0000000707200000, 0x0000000707400000|  0%| F|  |TAMS 0x0000000707200000, 0x0000000707200000| Untracked 
|  39|0x0000000707400000, 0x0000000707400000, 0x0000000707600000|  0%| F|  |TAMS 0x0000000707400000, 0x0000000707400000| Untracked 
|  40|0x0000000707600000, 0x0000000707600000, 0x0000000707800000|  0%| F|  |TAMS 0x0000000707600000, 0x0000000707600000| Untracked 
|  41|0x0000000707800000, 0x0000000707800000, 0x0000000707a00000|  0%| F|  |TAMS 0x0000000707800000, 0x0000000707800000| Untracked 
|  42|0x0000000707a00000, 0x0000000707a00000, 0x0000000707c00000|  0%| F|  |TAMS 0x0000000707a00000, 0x0000000707a00000| Untracked 
|  43|0x0000000707c00000, 0x0000000707c00000, 0x0000000707e00000|  0%| F|  |TAMS 0x0000000707c00000, 0x0000000707c00000| Untracked 
|  44|0x0000000707e00000, 0x0000000707e00000, 0x0000000708000000|  0%| F|  |TAMS 0x0000000707e00000, 0x0000000707e00000| Untracked 
|  45|0x0000000708000000, 0x0000000708000000, 0x0000000708200000|  0%| F|  |TAMS 0x0000000708000000, 0x0000000708000000| Untracked 
|  46|0x0000000708200000, 0x0000000708200000, 0x0000000708400000|  0%| F|  |TAMS 0x0000000708200000, 0x0000000708200000| Untracked 
|  47|0x0000000708400000, 0x0000000708400000, 0x0000000708600000|  0%| F|  |TAMS 0x0000000708400000, 0x0000000708400000| Untracked 
|  48|0x0000000708600000, 0x0000000708600000, 0x0000000708800000|  0%| F|  |TAMS 0x0000000708600000, 0x0000000708600000| Untracked 
|  49|0x0000000708800000, 0x0000000708800000, 0x0000000708a00000|  0%| F|  |TAMS 0x0000000708800000, 0x0000000708800000| Untracked 
|  50|0x0000000708a00000, 0x0000000708a00000, 0x0000000708c00000|  0%| F|  |TAMS 0x0000000708a00000, 0x0000000708a00000| Untracked 
|  51|0x0000000708c00000, 0x0000000708c00000, 0x0000000708e00000|  0%| F|  |TAMS 0x0000000708c00000, 0x0000000708c00000| Untracked 
|  52|0x0000000708e00000, 0x0000000708e00000, 0x0000000709000000|  0%| F|  |TAMS 0x0000000708e00000, 0x0000000708e00000| Untracked 
|  53|0x0000000709000000, 0x0000000709000000, 0x0000000709200000|  0%| F|  |TAMS 0x0000000709000000, 0x0000000709000000| Untracked 
|  54|0x0000000709200000, 0x0000000709200000, 0x0000000709400000|  0%| F|  |TAMS 0x0000000709200000, 0x0000000709200000| Untracked 
|  55|0x0000000709400000, 0x0000000709400000, 0x0000000709600000|  0%| F|  |TAMS 0x0000000709400000, 0x0000000709400000| Untracked 
|  56|0x0000000709600000, 0x0000000709600000, 0x0000000709800000|  0%| F|  |TAMS 0x0000000709600000, 0x0000000709600000| Untracked 
|  57|0x0000000709800000, 0x0000000709800000, 0x0000000709a00000|  0%| F|  |TAMS 0x0000000709800000, 0x0000000709800000| Untracked 
|  58|0x0000000709a00000, 0x0000000709a00000, 0x0000000709c00000|  0%| F|  |TAMS 0x0000000709a00000, 0x0000000709a00000| Untracked 
|  59|0x0000000709c00000, 0x0000000709c00000, 0x0000000709e00000|  0%| F|  |TAMS 0x0000000709c00000, 0x0000000709c00000| Untracked 
|  60|0x0000000709e00000, 0x0000000709e00000, 0x000000070a000000|  0%| F|  |TAMS 0x0000000709e00000, 0x0000000709e00000| Untracked 
|  61|0x000000070a000000, 0x000000070a000000, 0x000000070a200000|  0%| F|  |TAMS 0x000000070a000000, 0x000000070a000000| Untracked 
|  62|0x000000070a200000, 0x000000070a200000, 0x000000070a400000|  0%| F|  |TAMS 0x000000070a200000, 0x000000070a200000| Untracked 
|  63|0x000000070a400000, 0x000000070a400000, 0x000000070a600000|  0%| F|  |TAMS 0x000000070a400000, 0x000000070a400000| Untracked 
|  64|0x000000070a600000, 0x000000070a600000, 0x000000070a800000|  0%| F|  |TAMS 0x000000070a600000, 0x000000070a600000| Untracked 
|  65|0x000000070a800000, 0x000000070a800000, 0x000000070aa00000|  0%| F|  |TAMS 0x000000070a800000, 0x000000070a800000| Untracked 
|  66|0x000000070aa00000, 0x000000070aa00000, 0x000000070ac00000|  0%| F|  |TAMS 0x000000070aa00000, 0x000000070aa00000| Untracked 
|  67|0x000000070ac00000, 0x000000070ac00000, 0x000000070ae00000|  0%| F|  |TAMS 0x000000070ac00000, 0x000000070ac00000| Untracked 
|  68|0x000000070ae00000, 0x000000070ae00000, 0x000000070b000000|  0%| F|  |TAMS 0x000000070ae00000, 0x000000070ae00000| Untracked 
|  69|0x000000070b000000, 0x000000070b000000, 0x000000070b200000|  0%| F|  |TAMS 0x000000070b000000, 0x000000070b000000| Untracked 
|  70|0x000000070b200000, 0x000000070b200000, 0x000000070b400000|  0%| F|  |TAMS 0x000000070b200000, 0x000000070b200000| Untracked 
|  71|0x000000070b400000, 0x000000070b400000, 0x000000070b600000|  0%| F|  |TAMS 0x000000070b400000, 0x000000070b400000| Untracked 
|  72|0x000000070b600000, 0x000000070b600000, 0x000000070b800000|  0%| F|  |TAMS 0x000000070b600000, 0x000000070b600000| Untracked 
|  73|0x000000070b800000, 0x000000070b800000, 0x000000070ba00000|  0%| F|  |TAMS 0x000000070b800000, 0x000000070b800000| Untracked 
|  74|0x000000070ba00000, 0x000000070ba00000, 0x000000070bc00000|  0%| F|  |TAMS 0x000000070ba00000, 0x000000070ba00000| Untracked 
|  75|0x000000070bc00000, 0x000000070bc00000, 0x000000070be00000|  0%| F|  |TAMS 0x000000070bc00000, 0x000000070bc00000| Untracked 
|  76|0x000000070be00000, 0x000000070be00000, 0x000000070c000000|  0%| F|  |TAMS 0x000000070be00000, 0x000000070be00000| Untracked 
|  77|0x000000070c000000, 0x000000070c000000, 0x000000070c200000|  0%| F|  |TAMS 0x000000070c000000, 0x000000070c000000| Untracked 
|  78|0x000000070c200000, 0x000000070c200000, 0x000000070c400000|  0%| F|  |TAMS 0x000000070c200000, 0x000000070c200000| Untracked 
|  79|0x000000070c400000, 0x000000070c400000, 0x000000070c600000|  0%| F|  |TAMS 0x000000070c400000, 0x000000070c400000| Untracked 
|  80|0x000000070c600000, 0x000000070c600000, 0x000000070c800000|  0%| F|  |TAMS 0x000000070c600000, 0x000000070c600000| Untracked 
|  81|0x000000070c800000, 0x000000070c800000, 0x000000070ca00000|  0%| F|  |TAMS 0x000000070c800000, 0x000000070c800000| Untracked 
|  82|0x000000070ca00000, 0x000000070ca00000, 0x000000070cc00000|  0%| F|  |TAMS 0x000000070ca00000, 0x000000070ca00000| Untracked 
|  83|0x000000070cc00000, 0x000000070cc00000, 0x000000070ce00000|  0%| F|  |TAMS 0x000000070cc00000, 0x000000070cc00000| Untracked 
|  84|0x000000070ce00000, 0x000000070ce00000, 0x000000070d000000|  0%| F|  |TAMS 0x000000070ce00000, 0x000000070ce00000| Untracked 
|  85|0x000000070d000000, 0x000000070d000000, 0x000000070d200000|  0%| F|  |TAMS 0x000000070d000000, 0x000000070d000000| Untracked 
|  86|0x000000070d200000, 0x000000070d200000, 0x000000070d400000|  0%| F|  |TAMS 0x000000070d200000, 0x000000070d200000| Untracked 
|  87|0x000000070d400000, 0x000000070d400000, 0x000000070d600000|  0%| F|  |TAMS 0x000000070d400000, 0x000000070d400000| Untracked 
|  88|0x000000070d600000, 0x000000070d600000, 0x000000070d800000|  0%| F|  |TAMS 0x000000070d600000, 0x000000070d600000| Untracked 
|  89|0x000000070d800000, 0x000000070d800000, 0x000000070da00000|  0%| F|  |TAMS 0x000000070d800000, 0x000000070d800000| Untracked 
|  90|0x000000070da00000, 0x000000070da00000, 0x000000070dc00000|  0%| F|  |TAMS 0x000000070da00000, 0x000000070da00000| Untracked 
|  91|0x000000070dc00000, 0x000000070dc00000, 0x000000070de00000|  0%| F|  |TAMS 0x000000070dc00000, 0x000000070dc00000| Untracked 
|  92|0x000000070de00000, 0x000000070de00000, 0x000000070e000000|  0%| F|  |TAMS 0x000000070de00000, 0x000000070de00000| Untracked 
|  93|0x000000070e000000, 0x000000070e000000, 0x000000070e200000|  0%| F|  |TAMS 0x000000070e000000, 0x000000070e000000| Untracked 
|  94|0x000000070e200000, 0x000000070e200000, 0x000000070e400000|  0%| F|  |TAMS 0x000000070e200000, 0x000000070e200000| Untracked 
|  95|0x000000070e400000, 0x000000070e400000, 0x000000070e600000|  0%| F|  |TAMS 0x000000070e400000, 0x000000070e400000| Untracked 
|  96|0x000000070e600000, 0x000000070e600000, 0x000000070e800000|  0%| F|  |TAMS 0x000000070e600000, 0x000000070e600000| Untracked 
|  97|0x000000070e800000, 0x000000070e800000, 0x000000070ea00000|  0%| F|  |TAMS 0x000000070e800000, 0x000000070e800000| Untracked 
|  98|0x000000070ea00000, 0x000000070ea00000, 0x000000070ec00000|  0%| F|  |TAMS 0x000000070ea00000, 0x000000070ea00000| Untracked 
|  99|0x000000070ec00000, 0x000000070ec00000, 0x000000070ee00000|  0%| F|  |TAMS 0x000000070ec00000, 0x000000070ec00000| Untracked 
| 100|0x000000070ee00000, 0x000000070ee00000, 0x000000070f000000|  0%| F|  |TAMS 0x000000070ee00000, 0x000000070ee00000| Untracked 
| 101|0x000000070f000000, 0x000000070f000000, 0x000000070f200000|  0%| F|  |TAMS 0x000000070f000000, 0x000000070f000000| Untracked 
| 102|0x000000070f200000, 0x000000070f200000, 0x000000070f400000|  0%| F|  |TAMS 0x000000070f200000, 0x000000070f200000| Untracked 
| 103|0x000000070f400000, 0x000000070f400000, 0x000000070f600000|  0%| F|  |TAMS 0x000000070f400000, 0x000000070f400000| Untracked 
| 104|0x000000070f600000, 0x000000070f600000, 0x000000070f800000|  0%| F|  |TAMS 0x000000070f600000, 0x000000070f600000| Untracked 
| 105|0x000000070f800000, 0x000000070f800000, 0x000000070fa00000|  0%| F|  |TAMS 0x000000070f800000, 0x000000070f800000| Untracked 
| 106|0x000000070fa00000, 0x000000070fa00000, 0x000000070fc00000|  0%| F|  |TAMS 0x000000070fa00000, 0x000000070fa00000| Untracked 
| 107|0x000000070fc00000, 0x000000070fc00000, 0x000000070fe00000|  0%| F|  |TAMS 0x000000070fc00000, 0x000000070fc00000| Untracked 
| 108|0x000000070fe00000, 0x000000070fe00000, 0x0000000710000000|  0%| F|  |TAMS 0x000000070fe00000, 0x000000070fe00000| Untracked 
| 109|0x0000000710000000, 0x0000000710000000, 0x0000000710200000|  0%| F|  |TAMS 0x0000000710000000, 0x0000000710000000| Untracked 
| 110|0x0000000710200000, 0x0000000710200000, 0x0000000710400000|  0%| F|  |TAMS 0x0000000710200000, 0x0000000710200000| Untracked 
| 111|0x0000000710400000, 0x0000000710400000, 0x0000000710600000|  0%| F|  |TAMS 0x0000000710400000, 0x0000000710400000| Untracked 
| 112|0x0000000710600000, 0x0000000710600000, 0x0000000710800000|  0%| F|  |TAMS 0x0000000710600000, 0x0000000710600000| Untracked 
| 113|0x0000000710800000, 0x0000000710800000, 0x0000000710a00000|  0%| F|  |TAMS 0x0000000710800000, 0x0000000710800000| Untracked 
| 114|0x0000000710a00000, 0x0000000710c00000, 0x0000000710c00000|100%| S|CS|TAMS 0x0000000710a00000, 0x0000000710a00000| Complete 
| 115|0x0000000710c00000, 0x0000000710e00000, 0x0000000710e00000|100%| S|CS|TAMS 0x0000000710c00000, 0x0000000710c00000| Complete 
| 116|0x0000000710e00000, 0x0000000710e00000, 0x0000000711000000|  0%| F|  |TAMS 0x0000000710e00000, 0x0000000710e00000| Untracked 
| 117|0x0000000711000000, 0x0000000711000000, 0x0000000711200000|  0%| F|  |TAMS 0x0000000711000000, 0x0000000711000000| Untracked 
| 118|0x0000000711200000, 0x0000000711200000, 0x0000000711400000|  0%| F|  |TAMS 0x0000000711200000, 0x0000000711200000| Untracked 
| 119|0x0000000711400000, 0x00000007114bac98, 0x0000000711600000| 36%| E|  |TAMS 0x0000000711400000, 0x0000000711400000| Complete 
| 120|0x0000000711600000, 0x0000000711800000, 0x0000000711800000|100%| E|CS|TAMS 0x0000000711600000, 0x0000000711600000| Complete 
| 121|0x0000000711800000, 0x0000000711a00000, 0x0000000711a00000|100%| E|CS|TAMS 0x0000000711800000, 0x0000000711800000| Complete 
| 122|0x0000000711a00000, 0x0000000711c00000, 0x0000000711c00000|100%| E|CS|TAMS 0x0000000711a00000, 0x0000000711a00000| Complete 
| 123|0x0000000711c00000, 0x0000000711e00000, 0x0000000711e00000|100%| E|CS|TAMS 0x0000000711c00000, 0x0000000711c00000| Complete 
| 124|0x0000000711e00000, 0x0000000712000000, 0x0000000712000000|100%| E|CS|TAMS 0x0000000711e00000, 0x0000000711e00000| Complete 
| 125|0x0000000712000000, 0x0000000712200000, 0x0000000712200000|100%| E|CS|TAMS 0x0000000712000000, 0x0000000712000000| Complete 
| 126|0x0000000712200000, 0x0000000712400000, 0x0000000712400000|100%| E|CS|TAMS 0x0000000712200000, 0x0000000712200000| Complete 

Card table byte_map: [0x000001899b890000,0x000001899c080000] _byte_map_base: 0x000001899807d000

Marking Bits (Prev, Next): (CMBitMap*) 0x00000189869e3900, (CMBitMap*) 0x00000189869e3940
 Prev Bits: [0x000001899c870000, 0x00000189a07d8000)
 Next Bits: [0x00000189a07e0000, 0x00000189a4748000)

Polling page: 0x0000018986810000

Metaspace:

Usage:
  Non-class:     14.18 MB used.
      Class:      1.88 MB used.
       Both:     16.06 MB used.

Virtual space:
  Non-class space:       64.00 MB reserved,      14.25 MB ( 22%) committed,  1 nodes.
      Class space:        1.00 GB reserved,       2.00 MB ( <1%) committed,  1 nodes.
             Both:        1.06 GB reserved,      16.25 MB (  1%) committed. 

Chunk freelists:
   Non-Class:  960.00 KB
       Class:  14.04 MB
        Both:  14.97 MB

MaxMetaspaceSize: unlimited
CompressedClassSpaceSize: 1.00 GB
Initial GC threshold: 21.00 MB
Current GC threshold: 21.00 MB
CDS: off
MetaspaceReclaimPolicy: balanced
 - commit_granule_bytes: 65536.
 - commit_granule_words: 8192.
 - virtual_space_node_default_size: 8388608.
 - enlarge_chunks_in_place: 1.
 - new_chunks_are_fully_committed: 0.
 - uncommit_free_chunks: 1.
 - use_allocation_guard: 0.
 - handle_deallocations: 1.


Internal statistics:

num_allocs_failed_limit: 0.
num_arena_births: 78.
num_arena_deaths: 0.
num_vsnodes_births: 2.
num_vsnodes_deaths: 0.
num_space_committed: 260.
num_space_uncommitted: 0.
num_chunks_returned_to_freelist: 0.
num_chunks_taken_from_freelist: 306.
num_chunk_merges: 0.
num_chunk_splits: 199.
num_chunks_enlarged: 165.
num_inconsistent_stats: 0.

CodeHeap 'non-profiled nmethods': size=120000Kb used=475Kb max_used=475Kb free=119524Kb
 bounds [0x00000189930f0000, 0x0000018993360000, 0x000001899a620000]
CodeHeap 'profiled nmethods': size=120000Kb used=2353Kb max_used=2353Kb free=117646Kb
 bounds [0x000001898b620000, 0x000001898b890000, 0x0000018992b50000]
CodeHeap 'non-nmethods': size=5760Kb used=1164Kb max_used=1185Kb free=4595Kb
 bounds [0x0000018992b50000, 0x0000018992dc0000, 0x00000189930f0000]
 total_blobs=1729 nmethods=1269 adapters=373
 compilation: enabled
              stopped_count=0, restarted_count=0
 full_count=0

Compilation events (20 events):
Event: 7.627 Thread 0x00000189a7440b20 1260       3       org.gradle.internal.logging.text.AbstractLineChoppingStyledTextOutput$StateContext::next (11 bytes)
Event: 7.627 Thread 0x00000189a7440b20 nmethod 1260 0x000001898b867b90 code [0x000001898b867d20, 0x000001898b867e38]
Event: 7.627 Thread 0x00000189a7440b20 1262       3       org.gradle.internal.logging.text.AbstractLineChoppingStyledTextOutput$2::execute (77 bytes)
Event: 7.628 Thread 0x00000189a7440b20 nmethod 1262 0x000001898b867f10 code [0x000001898b8681c0, 0x000001898b868ea8]
Event: 7.628 Thread 0x00000189a7440b20 1261       3       org.gradle.internal.logging.text.AbstractLineChoppingStyledTextOutput::access$900 (4 bytes)
Event: 7.628 Thread 0x00000189a7440b20 nmethod 1261 0x000001898b869410 code [0x000001898b8695a0, 0x000001898b869698]
Event: 7.628 Thread 0x00000189a7440b20 1263       3       java.nio.ByteBuffer::arrayOffset (35 bytes)
Event: 7.628 Thread 0x00000189a7440b20 nmethod 1263 0x000001898b869710 code [0x000001898b8698e0, 0x000001898b869bb8]
Event: 7.628 Thread 0x00000189a7440b20 1264       3       java.nio.CharBuffer::arrayOffset (35 bytes)
Event: 7.629 Thread 0x00000189a7440b20 nmethod 1264 0x000001898b869d10 code [0x000001898b869ee0, 0x000001898b86a1b8]
Event: 7.629 Thread 0x00000189a7440b20 1265       3       java.nio.ByteBuffer::flip (7 bytes)
Event: 7.629 Thread 0x00000189a743bce0 1267       4       org.gradle.internal.logging.text.AbstractLineChoppingStyledTextOutput$StateContext::isCurrentCharEquals (70 bytes)
Event: 7.629 Thread 0x00000189a7440b20 nmethod 1265 0x000001898b86a310 code [0x000001898b86a4a0, 0x000001898b86a618]
Event: 7.629 Thread 0x00000189a7440b20 1266       3       java.nio.Buffer::flip (20 bytes)
Event: 7.629 Thread 0x00000189a7440b20 nmethod 1266 0x000001898b86a710 code [0x000001898b86a8a0, 0x000001898b86a9b8]
Event: 7.629 Thread 0x00000189a7440b20 1268       3       java.nio.ByteBuffer::array (35 bytes)
Event: 7.630 Thread 0x00000189a7440b20 nmethod 1268 0x000001898b86aa90 code [0x000001898b86ac60, 0x000001898b86af38]
Event: 7.630 Thread 0x00000189a7440b20 1269       3       java.nio.charset.CoderResult::isUnderflow (13 bytes)
Event: 7.630 Thread 0x00000189a7440b20 nmethod 1269 0x000001898b86b090 code [0x000001898b86b220, 0x000001898b86b398]
Event: 7.630 Thread 0x00000189a7440b20 1270       3       java.nio.Buffer::<init> (105 bytes)

GC Heap History (2 events):
Event: 0.714 GC heap before
{Heap before GC invocations=0 (full 0):
 garbage-first heap   total 260096K, used 24576K [0x0000000702600000, 0x0000000800000000)
  region size 2048K, 11 young (22528K), 0 survivors (0K)
 Metaspace       used 11052K, committed 11200K, reserved 1114112K
  class space    used 1146K, committed 1216K, reserved 1048576K
}
Event: 0.717 GC heap after
{Heap after GC invocations=1 (full 0):
 garbage-first heap   total 260096K, used 10066K [0x0000000702600000, 0x0000000800000000)
  region size 2048K, 2 young (4096K), 2 survivors (4096K)
 Metaspace       used 11052K, committed 11200K, reserved 1114112K
  class space    used 1146K, committed 1216K, reserved 1048576K
}

Dll operation events (2 events):
Event: 0.007 Loaded shared library C:\Program Files\Android\Android Studio1\jbr\bin\java.dll
Event: 0.127 Loaded shared library C:\Program Files\Android\Android Studio1\jbr\bin\verify.dll

Deoptimization events (20 events):
Event: 0.915 Thread 0x00000189869780b0 DEOPT PACKING pc=0x000001898b6b4ee5 sp=0x0000000fe14f7db0
Event: 0.915 Thread 0x00000189869780b0 DEOPT UNPACKING pc=0x0000018992ba7143 sp=0x0000000fe14f7200 mode 0
Event: 0.966 Thread 0x00000189869780b0 DEOPT PACKING pc=0x000001898b7089c8 sp=0x0000000fe14f9d40
Event: 0.966 Thread 0x00000189869780b0 DEOPT UNPACKING pc=0x0000018992ba7143 sp=0x0000000fe14f9258 mode 0
Event: 1.047 Thread 0x00000189869780b0 Uncommon trap: trap_request=0xffffffc6 fr.pc=0x000001899314b130 relative=0x00000000000005d0
Event: 1.047 Thread 0x00000189869780b0 Uncommon trap: reason=bimorphic_or_optimized_type_check action=maybe_recompile pc=0x000001899314b130 method=java.util.concurrent.ConcurrentHashMap.get(Ljava/lang/Object;)Ljava/lang/Object; @ 149 c2
Event: 1.047 Thread 0x00000189869780b0 DEOPT PACKING pc=0x000001899314b130 sp=0x0000000fe14fb530
Event: 1.047 Thread 0x00000189869780b0 DEOPT UNPACKING pc=0x0000018992ba69a3 sp=0x0000000fe14fb4d0 mode 2
Event: 1.306 Thread 0x00000189869780b0 Uncommon trap: trap_request=0xffffff45 fr.pc=0x0000018993125764 relative=0x00000000000006a4
Event: 1.306 Thread 0x00000189869780b0 Uncommon trap: reason=unstable_if action=reinterpret pc=0x0000018993125764 method=java.lang.AbstractStringBuilder.append(Ljava/lang/String;)Ljava/lang/AbstractStringBuilder; @ 1 c2
Event: 1.306 Thread 0x00000189869780b0 DEOPT PACKING pc=0x0000018993125764 sp=0x0000000fe14fc2d0
Event: 1.306 Thread 0x00000189869780b0 DEOPT UNPACKING pc=0x0000018992ba69a3 sp=0x0000000fe14fc250 mode 2
Event: 1.306 Thread 0x00000189869780b0 Uncommon trap: trap_request=0xffffff45 fr.pc=0x0000018993133de4 relative=0x00000000000006a4
Event: 1.306 Thread 0x00000189869780b0 Uncommon trap: reason=unstable_if action=reinterpret pc=0x0000018993133de4 method=java.lang.AbstractStringBuilder.append(Ljava/lang/String;)Ljava/lang/AbstractStringBuilder; @ 1 c2
Event: 1.306 Thread 0x00000189869780b0 DEOPT PACKING pc=0x0000018993133de4 sp=0x0000000fe14fc270
Event: 1.306 Thread 0x00000189869780b0 DEOPT UNPACKING pc=0x0000018992ba69a3 sp=0x0000000fe14fc258 mode 2
Event: 1.325 Thread 0x00000189869780b0 Uncommon trap: trap_request=0xffffff45 fr.pc=0x0000018993127480 relative=0x0000000000001160
Event: 1.325 Thread 0x00000189869780b0 Uncommon trap: reason=unstable_if action=reinterpret pc=0x0000018993127480 method=java.util.HashMap.putVal(ILjava/lang/Object;Ljava/lang/Object;ZZ)Ljava/lang/Object; @ 162 c2
Event: 1.325 Thread 0x00000189869780b0 DEOPT PACKING pc=0x0000018993127480 sp=0x0000000fe14fa300
Event: 1.325 Thread 0x00000189869780b0 DEOPT UNPACKING pc=0x0000018992ba69a3 sp=0x0000000fe14fa248 mode 2

Classes unloaded (0 events):
No events

Classes redefined (0 events):
No events

Internal exceptions (18 events):
Event: 0.241 Thread 0x00000189869780b0 Exception <a 'java/lang/NoSuchMethodError'{0x0000000712186388}: 'int java.lang.invoke.DirectMethodHandle$Holder.invokeStaticInit(java.lang.Object, java.lang.Object)'> (0x0000000712186388) 
thrown [s\src\hotspot\share\interpreter\linkResolver.cpp, line 771]
Event: 0.675 Thread 0x00000189869780b0 Exception <a 'java/lang/NoSuchMethodError'{0x0000000710eb4cd0}: 'void java.lang.invoke.DirectMethodHandle$Holder.invokeStatic(java.lang.Object, java.lang.Object)'> (0x0000000710eb4cd0) 
thrown [s\src\hotspot\share\interpreter\linkResolver.cpp, line 771]
Event: 0.697 Thread 0x00000189869780b0 Exception <a 'java/lang/NoClassDefFoundError'{0x0000000710f3cf70}: org/slf4j/impl/StaticMarkerBinder> (0x0000000710f3cf70) 
thrown [s\src\hotspot\share\classfile\systemDictionary.cpp, line 245]
Event: 0.708 Thread 0x00000189869780b0 Exception <a 'java/lang/NoSuchMethodError'{0x0000000710fd9328}: 'java.lang.Object java.lang.invoke.DirectMethodHandle$Holder.invokeVirtual(java.lang.Object, java.lang.Object, java.lang.Object, java.lang.Object, java.lang.Object, java.lang.Object, java.lang.Object)'> (0x0000000710fd9328) 
thrown [s\src\hotspot\share\interpreter\linkResolver.cpp, line 771]
Event: 0.710 Thread 0x00000189869780b0 Exception <a 'java/lang/NoSuchMethodError'{0x0000000710fea928}: 'java.lang.Object java.lang.invoke.Invokers$Holder.invoker(java.lang.Object, java.lang.Object, java.lang.Object)'> (0x0000000710fea928) 
thrown [s\src\hotspot\share\interpreter\linkResolver.cpp, line 771]
Event: 0.712 Thread 0x00000189869780b0 Exception <a 'java/lang/NoSuchMethodError'{0x0000000710ff39d0}: 'java.lang.Object java.lang.invoke.DirectMethodHandle$Holder.invokeStatic(java.lang.Object, java.lang.Object, int)'> (0x0000000710ff39d0) 
thrown [s\src\hotspot\share\interpreter\linkResolver.cpp, line 771]
Event: 0.714 Thread 0x00000189869780b0 Exception <a 'java/lang/NoSuchMethodError'{0x0000000710fff6c0}: 'void java.lang.invoke.DelegatingMethodHandle$Holder.delegate(java.lang.Object, java.lang.Object, int, java.lang.Object)'> (0x0000000710fff6c0) 
thrown [s\src\hotspot\share\interpreter\linkResolver.cpp, line 771]
Event: 0.718 Thread 0x00000189869780b0 Exception <a 'java/lang/NoSuchMethodError'{0x0000000712203db0}: 'int java.lang.invoke.DirectMethodHandle$Holder.invokeSpecial(java.lang.Object, java.lang.Object, java.lang.Object)'> (0x0000000712203db0) 
thrown [s\src\hotspot\share\interpreter\linkResolver.cpp, line 771]
Event: 0.720 Thread 0x00000189869780b0 Exception <a 'java/lang/NoSuchMethodError'{0x0000000712216f68}: 'java.lang.Object java.lang.invoke.Invokers$Holder.invokeExact_MT(java.lang.Object, java.lang.Object, java.lang.Object, java.lang.Object)'> (0x0000000712216f68) 
thrown [s\src\hotspot\share\interpreter\linkResolver.cpp, line 771]
Event: 0.872 Thread 0x00000189869780b0 Exception <a 'java/lang/NoSuchMethodError'{0x0000000711ea2028}: 'void java.lang.invoke.DirectMethodHandle$Holder.invokeSpecial(java.lang.Object, java.lang.Object, java.lang.Object)'> (0x0000000711ea2028) 
thrown [s\src\hotspot\share\interpreter\linkResolver.cpp, line 771]
Event: 0.882 Thread 0x00000189869780b0 Implicit null exception at 0x000001899313f294 to 0x000001899313f700
Event: 0.882 Thread 0x00000189869780b0 Implicit null exception at 0x000001899312f08f to 0x000001899312f4dc
Event: 0.899 Thread 0x00000189869780b0 Exception <a 'java/lang/NoSuchMethodError'{0x0000000711c48630}: 'java.lang.Object java.lang.invoke.DirectMethodHandle$Holder.invokeStaticInit(java.lang.Object)'> (0x0000000711c48630) 
thrown [s\src\hotspot\share\interpreter\linkResolver.cpp, line 771]
Event: 0.989 Thread 0x00000189869780b0 Exception <a 'java/lang/NoSuchMethodError'{0x0000000711850b00}: 'java.lang.Object java.lang.invoke.DirectMethodHandle$Holder.invokeStaticInit(java.lang.Object, int, int, int, int)'> (0x0000000711850b00) 
thrown [s\src\hotspot\share\interpreter\linkResolver.cpp, line 771]
Event: 1.101 Thread 0x00000189869780b0 Exception <a 'java/lang/NoSuchMethodError'{0x0000000711927f20}: 'java.lang.Object java.lang.invoke.DirectMethodHandle$Holder.invokeStaticInit(java.lang.Object, java.lang.Object, int, int, int, int)'> (0x0000000711927f20) 
thrown [s\src\hotspot\share\interpreter\linkResolver.cpp, line 771]
Event: 1.295 Thread 0x00000189869780b0 Exception <a 'java/lang/NoSuchMethodError'{0x0000000711957f88}: 'void java.lang.invoke.DirectMethodHandle$Holder.invokeStatic(java.lang.Object, java.lang.Object, java.lang.Object)'> (0x0000000711957f88) 
thrown [s\src\hotspot\share\interpreter\linkResolver.cpp, line 771]
Event: 1.306 Thread 0x00000189869780b0 Implicit null exception at 0x00000189931250f2 to 0x000001899312574c
Event: 1.306 Thread 0x00000189869780b0 Implicit null exception at 0x0000018993133772 to 0x0000018993133dcc

VM Operations (18 events):
Event: 0.122 Executing VM operation: HandshakeAllThreads
Event: 0.122 Executing VM operation: HandshakeAllThreads done
Event: 0.712 Executing VM operation: HandshakeAllThreads
Event: 0.712 Executing VM operation: HandshakeAllThreads done
Event: 0.714 Executing VM operation: G1CollectForAllocation
Event: 0.717 Executing VM operation: G1CollectForAllocation done
Event: 0.949 Executing VM operation: HandshakeAllThreads
Event: 0.949 Executing VM operation: HandshakeAllThreads done
Event: 1.083 Executing VM operation: HandshakeAllThreads
Event: 1.083 Executing VM operation: HandshakeAllThreads done
Event: 2.094 Executing VM operation: Cleanup
Event: 2.094 Executing VM operation: Cleanup done
Event: 4.112 Executing VM operation: Cleanup
Event: 4.112 Executing VM operation: Cleanup done
Event: 5.120 Executing VM operation: Cleanup
Event: 5.120 Executing VM operation: Cleanup done
Event: 7.140 Executing VM operation: Cleanup
Event: 7.140 Executing VM operation: Cleanup done

Events (20 events):
Event: 1.661 loading class jdk/internal/reflect/ByteVectorFactory
Event: 1.661 loading class jdk/internal/reflect/ByteVectorFactory done
Event: 1.661 loading class jdk/internal/reflect/ByteVectorImpl
Event: 1.661 loading class jdk/internal/reflect/ByteVector
Event: 1.661 loading class jdk/internal/reflect/ByteVector done
Event: 1.661 loading class jdk/internal/reflect/ByteVectorImpl done
Event: 1.661 loading class jdk/internal/reflect/ClassFileAssembler
Event: 1.661 loading class jdk/internal/reflect/ClassFileAssembler done
Event: 1.661 loading class jdk/internal/reflect/UTF8
Event: 1.662 loading class jdk/internal/reflect/UTF8 done
Event: 1.662 loading class jdk/internal/reflect/Label
Event: 1.662 loading class jdk/internal/reflect/Label done
Event: 1.662 loading class jdk/internal/reflect/Label$PatchInfo
Event: 1.663 loading class jdk/internal/reflect/Label$PatchInfo done
Event: 1.663 loading class jdk/internal/reflect/MethodAccessorGenerator$1
Event: 1.663 loading class jdk/internal/reflect/MethodAccessorGenerator$1 done
Event: 1.663 loading class jdk/internal/reflect/ClassDefiner
Event: 1.663 loading class jdk/internal/reflect/ClassDefiner done
Event: 1.663 loading class jdk/internal/reflect/ClassDefiner$1
Event: 1.663 loading class jdk/internal/reflect/ClassDefiner$1 done


Dynamic libraries:
0x00007ff740ed0000 - 0x00007ff740eda000 	C:\Program Files\Android\Android Studio1\jbr\bin\java.exe
0x00007ffe53f70000 - 0x00007ffe54168000 	C:\WINDOWS\SYSTEM32\ntdll.dll
0x00007ffe52df0000 - 0x00007ffe52eb2000 	C:\WINDOWS\System32\KERNEL32.DLL
0x00007ffe51b70000 - 0x00007ffe51e6e000 	C:\WINDOWS\System32\KERNELBASE.dll
0x00007ffe518f0000 - 0x00007ffe519f0000 	C:\WINDOWS\System32\ucrtbase.dll
0x00007ffe4ad70000 - 0x00007ffe4ad87000 	C:\Program Files\Android\Android Studio1\jbr\bin\jli.dll
0x00007ffe45c40000 - 0x00007ffe45c5b000 	C:\Program Files\Android\Android Studio1\jbr\bin\VCRUNTIME140.dll
0x00007ffe52930000 - 0x00007ffe52acd000 	C:\WINDOWS\System32\USER32.dll
0x00007ffe518c0000 - 0x00007ffe518e2000 	C:\WINDOWS\System32\win32u.dll
0x00007ffe3ef40000 - 0x00007ffe3f1da000 	C:\WINDOWS\WinSxS\amd64_microsoft.windows.common-controls_6595b64144ccf1df_6.0.19041.4355_none_60b8b9eb71f62e16\COMCTL32.dll
0x00007ffe52ff0000 - 0x00007ffe5301b000 	C:\WINDOWS\System32\GDI32.dll
0x00007ffe53b30000 - 0x00007ffe53bce000 	C:\WINDOWS\System32\msvcrt.dll
0x00007ffe51e70000 - 0x00007ffe51f87000 	C:\WINDOWS\System32\gdi32full.dll
0x00007ffe51a80000 - 0x00007ffe51b1d000 	C:\WINDOWS\System32\msvcp_win.dll
0x00007ffe52490000 - 0x00007ffe524bf000 	C:\WINDOWS\System32\IMM32.DLL
0x00007ffe45df0000 - 0x00007ffe45dfc000 	C:\Program Files\Android\Android Studio1\jbr\bin\vcruntime140_1.dll
0x00007ffe36750000 - 0x00007ffe367dd000 	C:\Program Files\Android\Android Studio1\jbr\bin\msvcp140.dll
0x00007ffde0ee0000 - 0x00007ffde1b63000 	C:\Program Files\Android\Android Studio1\jbr\bin\server\jvm.dll
0x00007ffe53040000 - 0x00007ffe530f1000 	C:\WINDOWS\System32\ADVAPI32.dll
0x00007ffe53180000 - 0x00007ffe5321f000 	C:\WINDOWS\System32\sechost.dll
0x00007ffe52ad0000 - 0x00007ffe52bf3000 	C:\WINDOWS\System32\RPCRT4.dll
0x00007ffe51680000 - 0x00007ffe516a7000 	C:\WINDOWS\System32\bcrypt.dll
0x00007ffe51470000 - 0x00007ffe514bb000 	C:\WINDOWS\SYSTEM32\POWRPROF.dll
0x00007ffe338b0000 - 0x00007ffe338b9000 	C:\WINDOWS\SYSTEM32\WSOCK32.dll
0x00007ffe44830000 - 0x00007ffe44857000 	C:\WINDOWS\SYSTEM32\WINMM.dll
0x00007ffe52cc0000 - 0x00007ffe52d2b000 	C:\WINDOWS\System32\WS2_32.dll
0x00007ffe4a4a0000 - 0x00007ffe4a4aa000 	C:\WINDOWS\SYSTEM32\VERSION.dll
0x00007ffe51450000 - 0x00007ffe51462000 	C:\WINDOWS\SYSTEM32\UMPDC.dll
0x00007ffe4fe10000 - 0x00007ffe4fe22000 	C:\WINDOWS\SYSTEM32\kernel.appcore.dll
0x00007ffe4ac90000 - 0x00007ffe4ac9a000 	C:\Program Files\Android\Android Studio1\jbr\bin\jimage.dll
0x00007ffe4f380000 - 0x00007ffe4f564000 	C:\WINDOWS\SYSTEM32\DBGHELP.DLL
0x00007ffe3ee10000 - 0x00007ffe3ee44000 	C:\WINDOWS\SYSTEM32\dbgcore.DLL
0x00007ffe519f0000 - 0x00007ffe51a72000 	C:\WINDOWS\System32\bcryptPrimitives.dll
0x00007ffe45b00000 - 0x00007ffe45b25000 	C:\Program Files\Android\Android Studio1\jbr\bin\java.dll
0x00007ffe45c20000 - 0x00007ffe45c38000 	C:\Program Files\Android\Android Studio1\jbr\bin\zip.dll
0x00007ffe53220000 - 0x00007ffe5398d000 	C:\WINDOWS\System32\SHELL32.dll
0x00007ffe4f650000 - 0x00007ffe4fdf4000 	C:\WINDOWS\SYSTEM32\windows.storage.dll
0x00007ffe53bd0000 - 0x00007ffe53f23000 	C:\WINDOWS\System32\combase.dll
0x00007ffe50f70000 - 0x00007ffe50f9e000 	C:\WINDOWS\SYSTEM32\Wldp.dll
0x00007ffe52210000 - 0x00007ffe522dd000 	C:\WINDOWS\System32\OLEAUT32.dll
0x00007ffe52c10000 - 0x00007ffe52cbd000 	C:\WINDOWS\System32\SHCORE.dll
0x00007ffe52120000 - 0x00007ffe52175000 	C:\WINDOWS\System32\shlwapi.dll
0x00007ffe51540000 - 0x00007ffe51564000 	C:\WINDOWS\SYSTEM32\profapi.dll
0x00007ffe45ab0000 - 0x00007ffe45ac9000 	C:\Program Files\Android\Android Studio1\jbr\bin\net.dll
0x00007ffe49530000 - 0x00007ffe4963d000 	C:\WINDOWS\SYSTEM32\WINHTTP.dll
0x00007ffe50cd0000 - 0x00007ffe50d3a000 	C:\WINDOWS\system32\mswsock.dll
0x00007ffe45a20000 - 0x00007ffe45a36000 	C:\Program Files\Android\Android Studio1\jbr\bin\nio.dll
0x00007ffe4a9b0000 - 0x00007ffe4a9c0000 	C:\Program Files\Android\Android Studio1\jbr\bin\verify.dll
0x00007ffe401d0000 - 0x00007ffe401f7000 	C:\Users\verge\.gradle\native\68d5fa5c4cc2d200863cafc0d521ce42e7d3e7ee720ec0a83991735586a16f82\windows-amd64\native-platform.dll
0x00007ffe49b20000 - 0x00007ffe49b29000 	C:\Program Files\Android\Android Studio1\jbr\bin\management.dll
0x00007ffe475f0000 - 0x00007ffe475fb000 	C:\Program Files\Android\Android Studio1\jbr\bin\management_ext.dll
0x00007ffe52c00000 - 0x00007ffe52c08000 	C:\WINDOWS\System32\PSAPI.DLL
0x00007ffe50ed0000 - 0x00007ffe50ee8000 	C:\WINDOWS\SYSTEM32\CRYPTSP.dll
0x00007ffe505f0000 - 0x00007ffe50624000 	C:\WINDOWS\system32\rsaenh.dll
0x00007ffe51500000 - 0x00007ffe5152e000 	C:\WINDOWS\SYSTEM32\USERENV.dll
0x00007ffe50ec0000 - 0x00007ffe50ecc000 	C:\WINDOWS\SYSTEM32\CRYPTBASE.dll
0x00007ffe509b0000 - 0x00007ffe509eb000 	C:\WINDOWS\SYSTEM32\IPHLPAPI.DLL
0x00007ffe52de0000 - 0x00007ffe52de8000 	C:\WINDOWS\System32\NSI.dll
0x00007ffe48340000 - 0x00007ffe48357000 	C:\WINDOWS\SYSTEM32\dhcpcsvc6.DLL
0x00007ffe48f10000 - 0x00007ffe48f2d000 	C:\WINDOWS\SYSTEM32\dhcpcsvc.DLL
0x00007ffe509f0000 - 0x00007ffe50aba000 	C:\WINDOWS\SYSTEM32\DNSAPI.dll
0x00007ffe4a8e0000 - 0x00007ffe4a8e9000 	C:\Program Files\Android\Android Studio1\jbr\bin\extnet.dll
0x00007ffe01610000 - 0x00007ffe01617000 	C:\WINDOWS\system32\wshunix.dll

dbghelp: loaded successfully - version: 4.0.5 - missing functions: none
symbol engine: initialized successfully - sym options: 0x614 - pdb path: .;C:\Program Files\Android\Android Studio1\jbr\bin;C:\WINDOWS\SYSTEM32;C:\WINDOWS\WinSxS\amd64_microsoft.windows.common-controls_6595b64144ccf1df_6.0.19041.4355_none_60b8b9eb71f62e16;C:\Program Files\Android\Android Studio1\jbr\bin\server;C:\Users\verge\.gradle\native\68d5fa5c4cc2d200863cafc0d521ce42e7d3e7ee720ec0a83991735586a16f82\windows-amd64

VM Arguments:
jvm_args: -Dorg.gradle.appname=gradlew 
java_command: org.gradle.wrapper.GradleWrapperMain -q -Ptarget-platform=android-arm64 -Ptarget=C:\Users\verge\Documents\bloc-quiz-main\lib\main.dart -Pbase-application-name=android.app.Application -Pdart-defines=Zmx1dHRlci5pbnNwZWN0b3Iuc3RydWN0dXJlZEVycm9ycz10cnVl,RkxVVFRFUl9XRUJfQ0FOVkFTS0lUX1VSTD1odHRwczovL3d3dy5nc3RhdGljLmNvbS9mbHV0dGVyLWNhbnZhc2tpdC9lZGQ4NTQ2MTE2NDU3YmRmMWM1YmRmYjEzZWNiOTQ2M2QyYmI1ZWQ0Lw== -Pdart-obfuscation=false -Ptrack-widget-creation=true -Ptree-shake-icons=false -Pfilesystem-scheme=org-dartlang-root assembleDebug
java_class_path (initial): C:\Users\verge\Documents\bloc-quiz-main\android\\gradle\wrapper\gradle-wrapper.jar
Launcher Type: SUN_STANDARD

[Global flags]
     intx CICompilerCount                          = 4                                         {product} {ergonomic}
     uint ConcGCThreads                            = 2                                         {product} {ergonomic}
     uint G1ConcRefinementThreads                  = 8                                         {product} {ergonomic}
   size_t G1HeapRegionSize                         = 2097152                                   {product} {ergonomic}
    uintx GCDrainStackTargetSize                   = 64                                        {product} {ergonomic}
   size_t InitialHeapSize                          = 266338304                                 {product} {ergonomic}
   size_t MarkStackSize                            = 4194304                                   {product} {ergonomic}
   size_t MaxHeapSize                              = 4255121408                                {product} {ergonomic}
   size_t MaxNewSize                               = 2552233984                                {product} {ergonomic}
   size_t MinHeapDeltaBytes                        = 2097152                                   {product} {ergonomic}
   size_t MinHeapSize                              = 8388608                                   {product} {ergonomic}
    uintx NonNMethodCodeHeapSize                   = 5839372                                {pd product} {ergonomic}
    uintx NonProfiledCodeHeapSize                  = 122909434                              {pd product} {ergonomic}
    uintx ProfiledCodeHeapSize                     = 122909434                              {pd product} {ergonomic}
    uintx ReservedCodeCacheSize                    = 251658240                              {pd product} {ergonomic}
     bool SegmentedCodeCache                       = true                                      {product} {ergonomic}
   size_t SoftMaxHeapSize                          = 4255121408                             {manageable} {ergonomic}
     bool UseCompressedClassPointers               = true                           {product lp64_product} {ergonomic}
     bool UseCompressedOops                        = true                           {product lp64_product} {ergonomic}
     bool UseG1GC                                  = true                                      {product} {ergonomic}
     bool UseLargePagesIndividualAllocation        = false                                  {pd product} {ergonomic}

Logging:
Log output configuration:
 #0: stdout all=warning uptime,level,tags
 #1: stderr all=off uptime,level,tags

Environment Variables:
JAVA_HOME=C:\Program Files\Android\Android Studio1\jbr
CLASSPATH=C:\Users\verge\Documents\bloc-quiz-main\android\\gradle\wrapper\gradle-wrapper.jar
PATH=C:\Program Files\Android\Android Studio1\jbr\bin;C:\Program Files\NVIDIA GPU Computing Toolkit\CUDA\v12.6\bin;C:\Program Files\NVIDIA GPU Computing Toolkit\CUDA\v12.6\libnvvp;C:\Program Files (x86)\Embarcadero\Studio\23.0\bin;C:\Users\Public\Documents\Embarcadero\Studio\23.0\Bpl;C:\Program Files (x86)\Embarcadero\Studio\23.0\bin64;C:\Users\Public\Documents\Embarcadero\Studio\23.0\Bpl\Win64;C:\Program Files\Common Files\Oracle\Java\javapath;C:\Program Files (x86)\Common Files\Oracle\Java\javapath;C:\Program Files (x86)\Common Files\Intel\Shared Libraries\redist\intel64\compiler;C:\WINDOWS\system32;C:\WINDOWS;C:\WINDOWS\System32\Wbem;C:\WINDOWS\System32\WindowsPowerShell\v1.0\;C:\Program Files\7-Zip;C:\WINDOWS\System32\OpenSSH\;C:\Program Files (x86)\NVIDIA Corporation\PhysX\Common;C:\Program Files\NVIDIA Corporation\NVIDIA NvDLISR;C:\Program Files (x86)\NoteBook FanControl\;C:\Program Files\Git\cmd;C:\Program Files\dotnet\;C:\Program Files\Go\bin;C:\Program Files\nodejs\;C:\WINDOWS\system32;C:\WINDOWS;C:\WINDOWS\System32\Wbem;C:\WINDOWS\System32\WindowsPowerShell\v1.0\;C:\WINDOWS\System32\OpenSSH\;C:\Program Files\gnuplot\bin;C:\Users\verge\AppData\Local\Pub\Cache\bin;C:\Program Files (x86)\Windows Kits\10\Windows Performance Toolkit\;C:\Program Files (x86)\Intel\Intel(R) Management Engine Components\DAL;C:\Program Files\Intel\Intel(R) Management Engine Components\DAL;c:\Users\verge\AppData\Local\Programs\cursor\resources\app\bin;D:\matlab\runtime\win64;D:\matlab\bin;C:\Program Files\heroku\bin;C:\Program Files\NVIDIA Corporation\Nsight Compute 2024.3.2\;C:\Program Files\MySQL\MySQL Shell 8.0\bin\;C:\Users\verge\AppData\Local\Programs\Python\Python311\Scripts\;C:\Users\verge\AppData\Local\Programs\Python\Python311\;C:\Users\verge\AppData\Local\Programs\Python\Python38-32\Scripts\;C:\Users\verge\AppData\Local\Programs\Python\Python38-32\;C:\Users\verge\AppData\Roaming\ActiveState\bin;C:\Program Files (x86)\ActiveState Komodo IDE 12\;C:\ProgramData\Oracle\Java\javapa
USERNAME=verge
OS=Windows_NT
PROCESSOR_IDENTIFIER=Intel64 Family 6 Model 158 Stepping 10, GenuineIntel
TMP=C:\Users\verge\AppData\Local\Temp
TEMP=C:\Users\verge\AppData\Local\Temp



Periodic native trim disabled

JNI global refs:
JNI global refs: 21, weak refs: 0

JNI global refs memory usage: 843, weak refs: 841

OOME stack traces (most recent first):
Classloader memory used:
Loader bootstrap                                                                       : 1525K
Loader org.gradle.internal.classloader.VisitableURLClassLoader                         : 472K
Loader java.net.URLClassLoader                                                         : 26124B
Loader jdk.internal.loader.ClassLoaders$AppClassLoader                                 : 18431B
Loader jdk.internal.loader.ClassLoaders$PlatformClassLoader                            : 14155B
Loader jdk.internal.reflect.DelegatingClassLoader                                      : 439B

Classes loaded by more than one classloader:
Class org.gradle.internal.installation.GradleInstallation                             : loaded 2 times (x 73B)
Class org.gradle.cli.ParsedCommandLine                                                : loaded 2 times (x 78B)
Class org.gradle.internal.classpath.ClassPath                                         : loaded 2 times (x 68B)
Class org.gradle.api.Action                                                           : loaded 2 times (x 68B)
Class org.gradle.cli.CommandLineParser$OptionString                                   : loaded 2 times (x 71B)
Class org.gradle.internal.installation.GradleInstallation$1                           : loaded 2 times (x 73B)
Class org.gradle.cli.CommandLineParser$AfterOptions                                   : loaded 2 times (x 75B)
Class org.gradle.cli.CommandLineParser$AfterFirstSubCommand                           : loaded 2 times (x 75B)
Class org.gradle.internal.service.UnknownServiceException                             : loaded 2 times (x 81B)
Class org.gradle.api.GradleException                                                  : loaded 2 times (x 80B)
Class org.gradle.api.internal.classpath.ModuleRegistry                                : loaded 2 times (x 68B)
Class org.gradle.cli.CommandLineParser$KnownOptionParserState                         : loaded 2 times (x 74B)
Class org.gradle.cli.AbstractPropertiesCommandLineConverter                           : loaded 2 times (x 81B)
Class org.gradle.api.specs.Spec                                                       : loaded 2 times (x 68B)
Class org.gradle.cli.SystemPropertiesCommandLineConverter                             : loaded 2 times (x 81B)
Class org.gradle.internal.IoActions                                                   : loaded 2 times (x 69B)
Class org.gradle.internal.installation.CurrentGradleInstallation                      : loaded 2 times (x 71B)
Class org.gradle.internal.installation.CurrentGradleInstallationLocator               : loaded 2 times (x 69B)
Class org.gradle.internal.classpath.DefaultClassPath                                  : loaded 2 times (x 88B)
Class org.gradle.api.Transformer                                                      : loaded 2 times (x 68B)
Class org.gradle.cli.CommandLineParser                                                : loaded 2 times (x 77B)
Class org.gradle.cli.CommandLineParser$BeforeFirstSubCommand                          : loaded 2 times (x 75B)
Class org.gradle.cli.CommandLineOption                                                : loaded 2 times (x 84B)
Class org.gradle.cli.CommandLineParser$ParserState                                    : loaded 2 times (x 74B)
Class org.gradle.cli.CommandLineParser$MissingOptionArgState                          : loaded 2 times (x 75B)
Class org.gradle.api.UncheckedIOException                                             : loaded 2 times (x 80B)
Class org.gradle.cli.ParsedCommandLineOption                                          : loaded 2 times (x 74B)
Class org.gradle.internal.classloader.ClasspathUtil                                   : loaded 2 times (x 69B)
Class org.gradle.cli.CommandLineParser$UnknownOptionParserState                       : loaded 2 times (x 74B)
Class org.gradle.internal.service.ServiceLookupException                              : loaded 2 times (x 80B)
Class org.gradle.util.internal.GUtil                                                  : loaded 2 times (x 69B)
Class org.gradle.cli.CommandLineParser$OptionAwareParserState                         : loaded 2 times (x 75B)
Class org.gradle.cli.CommandLineParser$OptionParserState                              : loaded 2 times (x 73B)
Class org.gradle.internal.Cast                                                        : loaded 2 times (x 69B)
Class org.gradle.cli.CommandLineConverter                                             : loaded 2 times (x 68B)
Class org.gradle.internal.classpath.DefaultClassPath$ImmutableUniqueList              : loaded 2 times (x 159B)
Class org.gradle.cli.AbstractCommandLineConverter                                     : loaded 2 times (x 77B)
Class org.gradle.cli.CommandLineArgumentException                                     : loaded 2 times (x 80B)


---------------  S Y S T E M  ---------------

OS:
 Windows 10 , 64 bit Build 19041 (10.0.19041.5198)
OS uptime: 5 days 4:37 hours

CPU: total 8 (initial active 8) (4 cores per cpu, 2 threads per core) family 6 model 158 stepping 10 microcode 0xf0, cx8, cmov, fxsr, ht, mmx, 3dnowpref, sse, sse2, sse3, ssse3, sse4.1, sse4.2, popcnt, lzcnt, tsc, tscinvbit, avx, avx2, aes, erms, clmul, bmi1, bmi2, adx, fma, vzeroupper, clflush, clflushopt
Processor Information for all 8 processors :
  Max Mhz: 2304, Current Mhz: 2304, Mhz Limit: 2304

Memory: 4k page, system-wide physical 16229M (1054M free)
TotalPageFile size 24229M (AvailPageFile size 166M)
current process WorkingSet (physical memory assigned to process): 90M, peak: 94M
current process commit charge ("private bytes"): 359M, peak: 363M

vm_info: OpenJDK 64-Bit Server VM (17.0.10+0--11609105) for windows-amd64 JRE (17.0.10+0--11609105), built on Mar 21 2024 19:10:56 by "androidbuild" with MS VC++ 16.10 / 16.11 (VS2019)

END.
