#
# There is insufficient memory for the Java Runtime Environment to continue.
# Native memory allocation (malloc) failed to allocate 173616 bytes for Chunk::new
# Possible reasons:
#   The system is out of physical RAM or swap space
#   The process is running with CompressedOops enabled, and the Java Heap may be blocking the growth of the native heap
# Possible solutions:
#   Reduce memory load on the system
#   Increase physical memory or swap space
#   Check if swap backing store is full
#   Decrease Java heap size (-Xmx/-Xms)
#   Decrease number of Java threads
#   Decrease Java thread stack sizes (-Xss)
#   Set larger code cache with -XX:ReservedCodeCacheSize=
#   JVM is running with Zero Based Compressed Oops mode in which the Java heap is
#     placed in the first 32GB address space. The Java Heap base address is the
#     maximum limit for the native heap growth. Please use -XX:HeapBaseMinAddress
#     to set the Java Heap base and to place the Java Heap above 32GB virtual address.
# This output file may be truncated or incomplete.
#
#  Out of Memory Error (arena.cpp:191), pid=17852, tid=10684
#
# JRE version: OpenJDK Runtime Environment (17.0.10) (build 17.0.10+0--11609105)
# Java VM: OpenJDK 64-Bit Server VM (17.0.10+0--11609105, mixed mode, tiered, compressed oops, compressed class ptrs, g1 gc, windows-amd64)
# No core dump will be written. Minidumps are not enabled by default on client versions of Windows
#

---------------  S U M M A R Y ------------

Command Line: -Dorg.gradle.appname=gradlew org.gradle.wrapper.GradleWrapperMain -q -Ptarget-platform=android-arm64 -Ptarget=C:\Users\verge\Documents\bloc-quiz-main\lib\main.dart -Pbase-application-name=android.app.Application -Pdart-defines=Zmx1dHRlci5pbnNwZWN0b3Iuc3RydWN0dXJlZEVycm9ycz10cnVl,RkxVVFRFUl9XRUJfQVVUT19ERVRFQ1Q9dHJ1ZQ==,RkxVVFRFUl9XRUJfQ0FOVkFTS0lUX1VSTD1odHRwczovL3d3dy5nc3RhdGljLmNvbS9mbHV0dGVyLWNhbnZhc2tpdC9mNDBlOTc2YmVkZmY1N2U2OWUxYjNkODlhN2MyYTNjNjE3YTAzZGFkLw== -Pdart-obfuscation=false -Ptrack-widget-creation=true -Ptree-shake-icons=false -Pfilesystem-scheme=org-dartlang-root assembleDebug

Host: Intel(R) Core(TM) i5-8300H CPU @ 2.30GHz, 8 cores, 15G,  Windows 10 , 64 bit Build 19041 (10.0.19041.3636)
Time: Mon Jun 17 19:26:40 2024 RTZ 4 (s 10 , 64 bit Build 19041 (10.0.19041.3636) elapsed time: 0.764082 seconds (0d 0h 0m 0s)

---------------  T H R E A D  ---------------

Current thread (0x0000027e380b4010):  JavaThread "C2 CompilerThread0" daemon [_thread_in_native, id=10684, stack(0x000000ffdad00000,0x000000ffdae00000)]


Current CompileTask:
C2:    764  757   !   4       jdk.internal.loader.URLClassPath$JarLoader::getResource (65 bytes)

Stack: [0x000000ffdad00000,0x000000ffdae00000]
Native frames: (J=compiled Java code, j=interpreted, Vv=VM code, C=native code)
V  [jvm.dll+0x688de9]
V  [jvm.dll+0x8423da]
V  [jvm.dll+0x84401e]
V  [jvm.dll+0x844683]
V  [jvm.dll+0x24be0f]
V  [jvm.dll+0xac524]
V  [jvm.dll+0xacb6c]
V  [jvm.dll+0x36bd12]
V  [jvm.dll+0x33615a]
V  [jvm.dll+0x3355fa]
V  [jvm.dll+0x21daa1]
V  [jvm.dll+0x21cec1]
V  [jvm.dll+0x1a60ad]
V  [jvm.dll+0x22cd78]
V  [jvm.dll+0x22aeb0]
V  [jvm.dll+0x7f6877]
V  [jvm.dll+0x7f0c7a]
V  [jvm.dll+0x687c65]
C  [ucrtbase.dll+0x21bb2]
C  [KERNEL32.DLL+0x17344]
C  [ntdll.dll+0x4cc91]


---------------  P R O C E S S  ---------------

Threads class SMR info:
_java_thread_list=0x0000027e385b15d0, length=13, elements={
0x0000027e154d8020, 0x0000027e38034680, 0x0000027e38035410, 0x0000027e38083280,
0x0000027e38083d50, 0x0000027e38086630, 0x0000027e380b1400, 0x0000027e380b4010,
0x0000027e380b4920, 0x0000027e380c2d60, 0x0000027e38222cd0, 0x0000027e38233700,
0x0000027e3854e480
}

Java Threads: ( => current thread )
  0x0000027e154d8020 JavaThread "main" [_thread_in_Java, id=10792, stack(0x000000ffda000000,0x000000ffda100000)]
  0x0000027e38034680 JavaThread "Reference Handler" daemon [_thread_blocked, id=2148, stack(0x000000ffda700000,0x000000ffda800000)]
  0x0000027e38035410 JavaThread "Finalizer" daemon [_thread_blocked, id=17296, stack(0x000000ffda800000,0x000000ffda900000)]
  0x0000027e38083280 JavaThread "Signal Dispatcher" daemon [_thread_blocked, id=13372, stack(0x000000ffda900000,0x000000ffdaa00000)]
  0x0000027e38083d50 JavaThread "Attach Listener" daemon [_thread_blocked, id=15284, stack(0x000000ffdaa00000,0x000000ffdab00000)]
  0x0000027e38086630 JavaThread "Service Thread" daemon [_thread_blocked, id=1856, stack(0x000000ffdab00000,0x000000ffdac00000)]
  0x0000027e380b1400 JavaThread "Monitor Deflation Thread" daemon [_thread_blocked, id=14744, stack(0x000000ffdac00000,0x000000ffdad00000)]
=>0x0000027e380b4010 JavaThread "C2 CompilerThread0" daemon [_thread_in_native, id=10684, stack(0x000000ffdad00000,0x000000ffdae00000)]
  0x0000027e380b4920 JavaThread "C1 CompilerThread0" daemon [_thread_blocked, id=14900, stack(0x000000ffdae00000,0x000000ffdaf00000)]
  0x0000027e380c2d60 JavaThread "Sweeper thread" daemon [_thread_blocked, id=17560, stack(0x000000ffdaf00000,0x000000ffdb000000)]
  0x0000027e38222cd0 JavaThread "Notification Thread" daemon [_thread_blocked, id=12292, stack(0x000000ffdb000000,0x000000ffdb100000)]
  0x0000027e38233700 JavaThread "Common-Cleaner" daemon [_thread_blocked, id=14176, stack(0x000000ffdb200000,0x000000ffdb300000)]
  0x0000027e3854e480 JavaThread "C2 CompilerThread1" daemon [_thread_in_native, id=11268, stack(0x000000ffdb300000,0x000000ffdb400000)]

Other Threads:
  0x0000027e33e11f50 VMThread "VM Thread" [stack: 0x000000ffda600000,0x000000ffda700000] [id=11784]
  0x0000027e38228140 WatcherThread [stack: 0x000000ffdb100000,0x000000ffdb200000] [id=15332]
  0x0000027e155445b0 GCTaskThread "GC Thread#0" [stack: 0x000000ffda100000,0x000000ffda200000] [id=3660]
  0x0000027e155551a0 ConcurrentGCThread "G1 Main Marker" [stack: 0x000000ffda200000,0x000000ffda300000] [id=14728]
  0x0000027e15555ad0 ConcurrentGCThread "G1 Conc#0" [stack: 0x000000ffda300000,0x000000ffda400000] [id=11868]
  0x0000027e1558d970 ConcurrentGCThread "G1 Refine#0" [stack: 0x000000ffda400000,0x000000ffda500000] [id=3584]
  0x0000027e1558e2b0 ConcurrentGCThread "G1 Service" [stack: 0x000000ffda500000,0x000000ffda600000] [id=11108]

Threads with active compile tasks:
C2 CompilerThread0      787  757   !   4       jdk.internal.loader.URLClassPath$JarLoader::getResource (65 bytes)
C1 CompilerThread0      787  791       3       java.util.LinkedList$ListItr::hasNext (20 bytes)
C2 CompilerThread1      787  784       4       java.io.WinNTFileSystem::normalize (143 bytes)

VM state: not at safepoint (normal execution)

VM Mutex/Monitor currently owned by a thread: None

Heap address: 0x0000000702600000, size: 4058 MB, Compressed Oops mode: Zero based, Oop shift amount: 3

CDS archive(s) not mapped
Compressed class space mapped at: 0x0000000800000000-0x0000000840000000, reserved size: 1073741824
Narrow klass base: 0x0000000800000000, Narrow klass shift: 0, Narrow klass range: 0x40000000

GC Precious Log:
 CPUs: 8 total, 8 available
 Memory: 16229M
 Large Page Support: Disabled
 NUMA Support: Disabled
 Compressed Oops: Enabled (Zero based)
 Heap Region Size: 2M
 Heap Min Capacity: 8M
 Heap Initial Capacity: 254M
 Heap Max Capacity: 4058M
 Pre-touch: Disabled
 Parallel Workers: 8
 Concurrent Workers: 2
 Concurrent Refinement Workers: 8
 Periodic GC: Disabled

Heap:
 garbage-first heap   total 260096K, used 22528K [0x0000000702600000, 0x0000000800000000)
  region size 2048K, 11 young (22528K), 0 survivors (0K)
 Metaspace       used 10919K, committed 11136K, reserved 1114112K
  class space    used 1123K, committed 1216K, reserved 1048576K

Heap Regions: E=young(eden), S=young(survivor), O=old, HS=humongous(starts), HC=humongous(continues), CS=collection set, F=free, OA=open archive, CA=closed archive, TAMS=top-at-mark-start (previous, next)
|   0|0x0000000702600000, 0x0000000702800000, 0x0000000702800000|100%|HS|  |TAMS 0x0000000702600000, 0x0000000702600000| Complete 
|   1|0x0000000702800000, 0x0000000702a00000, 0x0000000702a00000|100%|HC|  |TAMS 0x0000000702800000, 0x0000000702800000| Complete 
|   2|0x0000000702a00000, 0x0000000702a00000, 0x0000000702c00000|  0%| F|  |TAMS 0x0000000702a00000, 0x0000000702a00000| Untracked 
|   3|0x0000000702c00000, 0x0000000702c00000, 0x0000000702e00000|  0%| F|  |TAMS 0x0000000702c00000, 0x0000000702c00000| Untracked 
|   4|0x0000000702e00000, 0x0000000702e00000, 0x0000000703000000|  0%| F|  |TAMS 0x0000000702e00000, 0x0000000702e00000| Untracked 
|   5|0x0000000703000000, 0x0000000703000000, 0x0000000703200000|  0%| F|  |TAMS 0x0000000703000000, 0x0000000703000000| Untracked 
|   6|0x0000000703200000, 0x0000000703200000, 0x0000000703400000|  0%| F|  |TAMS 0x0000000703200000, 0x0000000703200000| Untracked 
|   7|0x0000000703400000, 0x0000000703400000, 0x0000000703600000|  0%| F|  |TAMS 0x0000000703400000, 0x0000000703400000| Untracked 
|   8|0x0000000703600000, 0x0000000703600000, 0x0000000703800000|  0%| F|  |TAMS 0x0000000703600000, 0x0000000703600000| Untracked 
|   9|0x0000000703800000, 0x0000000703800000, 0x0000000703a00000|  0%| F|  |TAMS 0x0000000703800000, 0x0000000703800000| Untracked 
|  10|0x0000000703a00000, 0x0000000703a00000, 0x0000000703c00000|  0%| F|  |TAMS 0x0000000703a00000, 0x0000000703a00000| Untracked 
|  11|0x0000000703c00000, 0x0000000703c00000, 0x0000000703e00000|  0%| F|  |TAMS 0x0000000703c00000, 0x0000000703c00000| Untracked 
|  12|0x0000000703e00000, 0x0000000703e00000, 0x0000000704000000|  0%| F|  |TAMS 0x0000000703e00000, 0x0000000703e00000| Untracked 
|  13|0x0000000704000000, 0x0000000704000000, 0x0000000704200000|  0%| F|  |TAMS 0x0000000704000000, 0x0000000704000000| Untracked 
|  14|0x0000000704200000, 0x0000000704200000, 0x0000000704400000|  0%| F|  |TAMS 0x0000000704200000, 0x0000000704200000| Untracked 
|  15|0x0000000704400000, 0x0000000704400000, 0x0000000704600000|  0%| F|  |TAMS 0x0000000704400000, 0x0000000704400000| Untracked 
|  16|0x0000000704600000, 0x0000000704600000, 0x0000000704800000|  0%| F|  |TAMS 0x0000000704600000, 0x0000000704600000| Untracked 
|  17|0x0000000704800000, 0x0000000704800000, 0x0000000704a00000|  0%| F|  |TAMS 0x0000000704800000, 0x0000000704800000| Untracked 
|  18|0x0000000704a00000, 0x0000000704a00000, 0x0000000704c00000|  0%| F|  |TAMS 0x0000000704a00000, 0x0000000704a00000| Untracked 
|  19|0x0000000704c00000, 0x0000000704c00000, 0x0000000704e00000|  0%| F|  |TAMS 0x0000000704c00000, 0x0000000704c00000| Untracked 
|  20|0x0000000704e00000, 0x0000000704e00000, 0x0000000705000000|  0%| F|  |TAMS 0x0000000704e00000, 0x0000000704e00000| Untracked 
|  21|0x0000000705000000, 0x0000000705000000, 0x0000000705200000|  0%| F|  |TAMS 0x0000000705000000, 0x0000000705000000| Untracked 
|  22|0x0000000705200000, 0x0000000705200000, 0x0000000705400000|  0%| F|  |TAMS 0x0000000705200000, 0x0000000705200000| Untracked 
|  23|0x0000000705400000, 0x0000000705400000, 0x0000000705600000|  0%| F|  |TAMS 0x0000000705400000, 0x0000000705400000| Untracked 
|  24|0x0000000705600000, 0x0000000705600000, 0x0000000705800000|  0%| F|  |TAMS 0x0000000705600000, 0x0000000705600000| Untracked 
|  25|0x0000000705800000, 0x0000000705800000, 0x0000000705a00000|  0%| F|  |TAMS 0x0000000705800000, 0x0000000705800000| Untracked 
|  26|0x0000000705a00000, 0x0000000705a00000, 0x0000000705c00000|  0%| F|  |TAMS 0x0000000705a00000, 0x0000000705a00000| Untracked 
|  27|0x0000000705c00000, 0x0000000705c00000, 0x0000000705e00000|  0%| F|  |TAMS 0x0000000705c00000, 0x0000000705c00000| Untracked 
|  28|0x0000000705e00000, 0x0000000705e00000, 0x0000000706000000|  0%| F|  |TAMS 0x0000000705e00000, 0x0000000705e00000| Untracked 
|  29|0x0000000706000000, 0x0000000706000000, 0x0000000706200000|  0%| F|  |TAMS 0x0000000706000000, 0x0000000706000000| Untracked 
|  30|0x0000000706200000, 0x0000000706200000, 0x0000000706400000|  0%| F|  |TAMS 0x0000000706200000, 0x0000000706200000| Untracked 
|  31|0x0000000706400000, 0x0000000706400000, 0x0000000706600000|  0%| F|  |TAMS 0x0000000706400000, 0x0000000706400000| Untracked 
|  32|0x0000000706600000, 0x0000000706600000, 0x0000000706800000|  0%| F|  |TAMS 0x0000000706600000, 0x0000000706600000| Untracked 
|  33|0x0000000706800000, 0x0000000706800000, 0x0000000706a00000|  0%| F|  |TAMS 0x0000000706800000, 0x0000000706800000| Untracked 
|  34|0x0000000706a00000, 0x0000000706a00000, 0x0000000706c00000|  0%| F|  |TAMS 0x0000000706a00000, 0x0000000706a00000| Untracked 
|  35|0x0000000706c00000, 0x0000000706c00000, 0x0000000706e00000|  0%| F|  |TAMS 0x0000000706c00000, 0x0000000706c00000| Untracked 
|  36|0x0000000706e00000, 0x0000000706e00000, 0x0000000707000000|  0%| F|  |TAMS 0x0000000706e00000, 0x0000000706e00000| Untracked 
|  37|0x0000000707000000, 0x0000000707000000, 0x0000000707200000|  0%| F|  |TAMS 0x0000000707000000, 0x0000000707000000| Untracked 
|  38|0x0000000707200000, 0x0000000707200000, 0x0000000707400000|  0%| F|  |TAMS 0x0000000707200000, 0x0000000707200000| Untracked 
|  39|0x0000000707400000, 0x0000000707400000, 0x0000000707600000|  0%| F|  |TAMS 0x0000000707400000, 0x0000000707400000| Untracked 
|  40|0x0000000707600000, 0x0000000707600000, 0x0000000707800000|  0%| F|  |TAMS 0x0000000707600000, 0x0000000707600000| Untracked 
|  41|0x0000000707800000, 0x0000000707800000, 0x0000000707a00000|  0%| F|  |TAMS 0x0000000707800000, 0x0000000707800000| Untracked 
|  42|0x0000000707a00000, 0x0000000707a00000, 0x0000000707c00000|  0%| F|  |TAMS 0x0000000707a00000, 0x0000000707a00000| Untracked 
|  43|0x0000000707c00000, 0x0000000707c00000, 0x0000000707e00000|  0%| F|  |TAMS 0x0000000707c00000, 0x0000000707c00000| Untracked 
|  44|0x0000000707e00000, 0x0000000707e00000, 0x0000000708000000|  0%| F|  |TAMS 0x0000000707e00000, 0x0000000707e00000| Untracked 
|  45|0x0000000708000000, 0x0000000708000000, 0x0000000708200000|  0%| F|  |TAMS 0x0000000708000000, 0x0000000708000000| Untracked 
|  46|0x0000000708200000, 0x0000000708200000, 0x0000000708400000|  0%| F|  |TAMS 0x0000000708200000, 0x0000000708200000| Untracked 
|  47|0x0000000708400000, 0x0000000708400000, 0x0000000708600000|  0%| F|  |TAMS 0x0000000708400000, 0x0000000708400000| Untracked 
|  48|0x0000000708600000, 0x0000000708600000, 0x0000000708800000|  0%| F|  |TAMS 0x0000000708600000, 0x0000000708600000| Untracked 
|  49|0x0000000708800000, 0x0000000708800000, 0x0000000708a00000|  0%| F|  |TAMS 0x0000000708800000, 0x0000000708800000| Untracked 
|  50|0x0000000708a00000, 0x0000000708a00000, 0x0000000708c00000|  0%| F|  |TAMS 0x0000000708a00000, 0x0000000708a00000| Untracked 
|  51|0x0000000708c00000, 0x0000000708c00000, 0x0000000708e00000|  0%| F|  |TAMS 0x0000000708c00000, 0x0000000708c00000| Untracked 
|  52|0x0000000708e00000, 0x0000000708e00000, 0x0000000709000000|  0%| F|  |TAMS 0x0000000708e00000, 0x0000000708e00000| Untracked 
|  53|0x0000000709000000, 0x0000000709000000, 0x0000000709200000|  0%| F|  |TAMS 0x0000000709000000, 0x0000000709000000| Untracked 
|  54|0x0000000709200000, 0x0000000709200000, 0x0000000709400000|  0%| F|  |TAMS 0x0000000709200000, 0x0000000709200000| Untracked 
|  55|0x0000000709400000, 0x0000000709400000, 0x0000000709600000|  0%| F|  |TAMS 0x0000000709400000, 0x0000000709400000| Untracked 
|  56|0x0000000709600000, 0x0000000709600000, 0x0000000709800000|  0%| F|  |TAMS 0x0000000709600000, 0x0000000709600000| Untracked 
|  57|0x0000000709800000, 0x0000000709800000, 0x0000000709a00000|  0%| F|  |TAMS 0x0000000709800000, 0x0000000709800000| Untracked 
|  58|0x0000000709a00000, 0x0000000709a00000, 0x0000000709c00000|  0%| F|  |TAMS 0x0000000709a00000, 0x0000000709a00000| Untracked 
|  59|0x0000000709c00000, 0x0000000709c00000, 0x0000000709e00000|  0%| F|  |TAMS 0x0000000709c00000, 0x0000000709c00000| Untracked 
|  60|0x0000000709e00000, 0x0000000709e00000, 0x000000070a000000|  0%| F|  |TAMS 0x0000000709e00000, 0x0000000709e00000| Untracked 
|  61|0x000000070a000000, 0x000000070a000000, 0x000000070a200000|  0%| F|  |TAMS 0x000000070a000000, 0x000000070a000000| Untracked 
|  62|0x000000070a200000, 0x000000070a200000, 0x000000070a400000|  0%| F|  |TAMS 0x000000070a200000, 0x000000070a200000| Untracked 
|  63|0x000000070a400000, 0x000000070a400000, 0x000000070a600000|  0%| F|  |TAMS 0x000000070a400000, 0x000000070a400000| Untracked 
|  64|0x000000070a600000, 0x000000070a600000, 0x000000070a800000|  0%| F|  |TAMS 0x000000070a600000, 0x000000070a600000| Untracked 
|  65|0x000000070a800000, 0x000000070a800000, 0x000000070aa00000|  0%| F|  |TAMS 0x000000070a800000, 0x000000070a800000| Untracked 
|  66|0x000000070aa00000, 0x000000070aa00000, 0x000000070ac00000|  0%| F|  |TAMS 0x000000070aa00000, 0x000000070aa00000| Untracked 
|  67|0x000000070ac00000, 0x000000070ac00000, 0x000000070ae00000|  0%| F|  |TAMS 0x000000070ac00000, 0x000000070ac00000| Untracked 
|  68|0x000000070ae00000, 0x000000070ae00000, 0x000000070b000000|  0%| F|  |TAMS 0x000000070ae00000, 0x000000070ae00000| Untracked 
|  69|0x000000070b000000, 0x000000070b000000, 0x000000070b200000|  0%| F|  |TAMS 0x000000070b000000, 0x000000070b000000| Untracked 
|  70|0x000000070b200000, 0x000000070b200000, 0x000000070b400000|  0%| F|  |TAMS 0x000000070b200000, 0x000000070b200000| Untracked 
|  71|0x000000070b400000, 0x000000070b400000, 0x000000070b600000|  0%| F|  |TAMS 0x000000070b400000, 0x000000070b400000| Untracked 
|  72|0x000000070b600000, 0x000000070b600000, 0x000000070b800000|  0%| F|  |TAMS 0x000000070b600000, 0x000000070b600000| Untracked 
|  73|0x000000070b800000, 0x000000070b800000, 0x000000070ba00000|  0%| F|  |TAMS 0x000000070b800000, 0x000000070b800000| Untracked 
|  74|0x000000070ba00000, 0x000000070ba00000, 0x000000070bc00000|  0%| F|  |TAMS 0x000000070ba00000, 0x000000070ba00000| Untracked 
|  75|0x000000070bc00000, 0x000000070bc00000, 0x000000070be00000|  0%| F|  |TAMS 0x000000070bc00000, 0x000000070bc00000| Untracked 
|  76|0x000000070be00000, 0x000000070be00000, 0x000000070c000000|  0%| F|  |TAMS 0x000000070be00000, 0x000000070be00000| Untracked 
|  77|0x000000070c000000, 0x000000070c000000, 0x000000070c200000|  0%| F|  |TAMS 0x000000070c000000, 0x000000070c000000| Untracked 
|  78|0x000000070c200000, 0x000000070c200000, 0x000000070c400000|  0%| F|  |TAMS 0x000000070c200000, 0x000000070c200000| Untracked 
|  79|0x000000070c400000, 0x000000070c400000, 0x000000070c600000|  0%| F|  |TAMS 0x000000070c400000, 0x000000070c400000| Untracked 
|  80|0x000000070c600000, 0x000000070c600000, 0x000000070c800000|  0%| F|  |TAMS 0x000000070c600000, 0x000000070c600000| Untracked 
|  81|0x000000070c800000, 0x000000070c800000, 0x000000070ca00000|  0%| F|  |TAMS 0x000000070c800000, 0x000000070c800000| Untracked 
|  82|0x000000070ca00000, 0x000000070ca00000, 0x000000070cc00000|  0%| F|  |TAMS 0x000000070ca00000, 0x000000070ca00000| Untracked 
|  83|0x000000070cc00000, 0x000000070cc00000, 0x000000070ce00000|  0%| F|  |TAMS 0x000000070cc00000, 0x000000070cc00000| Untracked 
|  84|0x000000070ce00000, 0x000000070ce00000, 0x000000070d000000|  0%| F|  |TAMS 0x000000070ce00000, 0x000000070ce00000| Untracked 
|  85|0x000000070d000000, 0x000000070d000000, 0x000000070d200000|  0%| F|  |TAMS 0x000000070d000000, 0x000000070d000000| Untracked 
|  86|0x000000070d200000, 0x000000070d200000, 0x000000070d400000|  0%| F|  |TAMS 0x000000070d200000, 0x000000070d200000| Untracked 
|  87|0x000000070d400000, 0x000000070d400000, 0x000000070d600000|  0%| F|  |TAMS 0x000000070d400000, 0x000000070d400000| Untracked 
|  88|0x000000070d600000, 0x000000070d600000, 0x000000070d800000|  0%| F|  |TAMS 0x000000070d600000, 0x000000070d600000| Untracked 
|  89|0x000000070d800000, 0x000000070d800000, 0x000000070da00000|  0%| F|  |TAMS 0x000000070d800000, 0x000000070d800000| Untracked 
|  90|0x000000070da00000, 0x000000070da00000, 0x000000070dc00000|  0%| F|  |TAMS 0x000000070da00000, 0x000000070da00000| Untracked 
|  91|0x000000070dc00000, 0x000000070dc00000, 0x000000070de00000|  0%| F|  |TAMS 0x000000070dc00000, 0x000000070dc00000| Untracked 
|  92|0x000000070de00000, 0x000000070de00000, 0x000000070e000000|  0%| F|  |TAMS 0x000000070de00000, 0x000000070de00000| Untracked 
|  93|0x000000070e000000, 0x000000070e000000, 0x000000070e200000|  0%| F|  |TAMS 0x000000070e000000, 0x000000070e000000| Untracked 
|  94|0x000000070e200000, 0x000000070e200000, 0x000000070e400000|  0%| F|  |TAMS 0x000000070e200000, 0x000000070e200000| Untracked 
|  95|0x000000070e400000, 0x000000070e400000, 0x000000070e600000|  0%| F|  |TAMS 0x000000070e400000, 0x000000070e400000| Untracked 
|  96|0x000000070e600000, 0x000000070e600000, 0x000000070e800000|  0%| F|  |TAMS 0x000000070e600000, 0x000000070e600000| Untracked 
|  97|0x000000070e800000, 0x000000070e800000, 0x000000070ea00000|  0%| F|  |TAMS 0x000000070e800000, 0x000000070e800000| Untracked 
|  98|0x000000070ea00000, 0x000000070ea00000, 0x000000070ec00000|  0%| F|  |TAMS 0x000000070ea00000, 0x000000070ea00000| Untracked 
|  99|0x000000070ec00000, 0x000000070ec00000, 0x000000070ee00000|  0%| F|  |TAMS 0x000000070ec00000, 0x000000070ec00000| Untracked 
| 100|0x000000070ee00000, 0x000000070ee00000, 0x000000070f000000|  0%| F|  |TAMS 0x000000070ee00000, 0x000000070ee00000| Untracked 
| 101|0x000000070f000000, 0x000000070f000000, 0x000000070f200000|  0%| F|  |TAMS 0x000000070f000000, 0x000000070f000000| Untracked 
| 102|0x000000070f200000, 0x000000070f200000, 0x000000070f400000|  0%| F|  |TAMS 0x000000070f200000, 0x000000070f200000| Untracked 
| 103|0x000000070f400000, 0x000000070f400000, 0x000000070f600000|  0%| F|  |TAMS 0x000000070f400000, 0x000000070f400000| Untracked 
| 104|0x000000070f600000, 0x000000070f600000, 0x000000070f800000|  0%| F|  |TAMS 0x000000070f600000, 0x000000070f600000| Untracked 
| 105|0x000000070f800000, 0x000000070f800000, 0x000000070fa00000|  0%| F|  |TAMS 0x000000070f800000, 0x000000070f800000| Untracked 
| 106|0x000000070fa00000, 0x000000070fa00000, 0x000000070fc00000|  0%| F|  |TAMS 0x000000070fa00000, 0x000000070fa00000| Untracked 
| 107|0x000000070fc00000, 0x000000070fc00000, 0x000000070fe00000|  0%| F|  |TAMS 0x000000070fc00000, 0x000000070fc00000| Untracked 
| 108|0x000000070fe00000, 0x000000070fe00000, 0x0000000710000000|  0%| F|  |TAMS 0x000000070fe00000, 0x000000070fe00000| Untracked 
| 109|0x0000000710000000, 0x0000000710000000, 0x0000000710200000|  0%| F|  |TAMS 0x0000000710000000, 0x0000000710000000| Untracked 
| 110|0x0000000710200000, 0x0000000710200000, 0x0000000710400000|  0%| F|  |TAMS 0x0000000710200000, 0x0000000710200000| Untracked 
| 111|0x0000000710400000, 0x0000000710400000, 0x0000000710600000|  0%| F|  |TAMS 0x0000000710400000, 0x0000000710400000| Untracked 
| 112|0x0000000710600000, 0x0000000710600000, 0x0000000710800000|  0%| F|  |TAMS 0x0000000710600000, 0x0000000710600000| Untracked 
| 113|0x0000000710800000, 0x0000000710800000, 0x0000000710a00000|  0%| F|  |TAMS 0x0000000710800000, 0x0000000710800000| Untracked 
| 114|0x0000000710a00000, 0x0000000710a00000, 0x0000000710c00000|  0%| F|  |TAMS 0x0000000710a00000, 0x0000000710a00000| Untracked 
| 115|0x0000000710c00000, 0x0000000710c00000, 0x0000000710e00000|  0%| F|  |TAMS 0x0000000710c00000, 0x0000000710c00000| Untracked 
| 116|0x0000000710e00000, 0x0000000710fc7c30, 0x0000000711000000| 89%| E|  |TAMS 0x0000000710e00000, 0x0000000710e00000| Complete 
| 117|0x0000000711000000, 0x0000000711200000, 0x0000000711200000|100%| E|CS|TAMS 0x0000000711000000, 0x0000000711000000| Complete 
| 118|0x0000000711200000, 0x0000000711400000, 0x0000000711400000|100%| E|CS|TAMS 0x0000000711200000, 0x0000000711200000| Complete 
| 119|0x0000000711400000, 0x0000000711600000, 0x0000000711600000|100%| E|  |TAMS 0x0000000711400000, 0x0000000711400000| Complete 
| 120|0x0000000711600000, 0x0000000711800000, 0x0000000711800000|100%| E|CS|TAMS 0x0000000711600000, 0x0000000711600000| Complete 
| 121|0x0000000711800000, 0x0000000711a00000, 0x0000000711a00000|100%| E|CS|TAMS 0x0000000711800000, 0x0000000711800000| Complete 
| 122|0x0000000711a00000, 0x0000000711c00000, 0x0000000711c00000|100%| E|CS|TAMS 0x0000000711a00000, 0x0000000711a00000| Complete 
| 123|0x0000000711c00000, 0x0000000711e00000, 0x0000000711e00000|100%| E|CS|TAMS 0x0000000711c00000, 0x0000000711c00000| Complete 
| 124|0x0000000711e00000, 0x0000000712000000, 0x0000000712000000|100%| E|CS|TAMS 0x0000000711e00000, 0x0000000711e00000| Complete 
| 125|0x0000000712000000, 0x0000000712200000, 0x0000000712200000|100%| E|CS|TAMS 0x0000000712000000, 0x0000000712000000| Complete 
| 126|0x0000000712200000, 0x0000000712400000, 0x0000000712400000|100%| E|CS|TAMS 0x0000000712200000, 0x0000000712200000| Complete 

Card table byte_map: [0x0000027e284d0000,0x0000027e28cc0000] _byte_map_base: 0x0000027e24cbd000

Marking Bits (Prev, Next): (CMBitMap*) 0x0000027e15544ae0, (CMBitMap*) 0x0000027e15544b20
 Prev Bits: [0x0000027e294b0000, 0x0000027e2d418000)
 Next Bits: [0x0000027e2d420000, 0x0000027e31388000)

Polling page: 0x0000027e14c90000

Metaspace:

Usage:
  Non-class:      9.58 MB used.
      Class:      1.10 MB used.
       Both:     10.68 MB used.

Virtual space:
  Non-class space:       64.00 MB reserved,       9.69 MB ( 15%) committed,  1 nodes.
      Class space:        1.00 GB reserved,       1.19 MB ( <1%) committed,  1 nodes.
             Both:        1.06 GB reserved,      10.88 MB ( <1%) committed. 

Chunk freelists:
   Non-Class:  6.22 MB
       Class:  14.64 MB
        Both:  20.86 MB

MaxMetaspaceSize: unlimited
CompressedClassSpaceSize: 1.00 GB
Initial GC threshold: 21.00 MB
Current GC threshold: 21.00 MB
CDS: off
MetaspaceReclaimPolicy: balanced
 - commit_granule_bytes: 65536.
 - commit_granule_words: 8192.
 - virtual_space_node_default_size: 8388608.
 - enlarge_chunks_in_place: 1.
 - new_chunks_are_fully_committed: 0.
 - uncommit_free_chunks: 1.
 - use_allocation_guard: 0.
 - handle_deallocations: 1.


Internal statistics:

num_allocs_failed_limit: 0.
num_arena_births: 18.
num_arena_deaths: 0.
num_vsnodes_births: 2.
num_vsnodes_deaths: 0.
num_space_committed: 174.
num_space_uncommitted: 0.
num_chunks_returned_to_freelist: 0.
num_chunks_taken_from_freelist: 119.
num_chunk_merges: 0.
num_chunk_splits: 67.
num_chunks_enlarged: 59.
num_inconsistent_stats: 0.

CodeHeap 'non-profiled nmethods': size=120000Kb used=294Kb max_used=294Kb free=119705Kb
 bounds [0x0000027e20480000, 0x0000027e206f0000, 0x0000027e279b0000]
CodeHeap 'profiled nmethods': size=120000Kb used=1447Kb max_used=1447Kb free=118552Kb
 bounds [0x0000027e189b0000, 0x0000027e18c20000, 0x0000027e1fee0000]
CodeHeap 'non-nmethods': size=5760Kb used=1126Kb max_used=1164Kb free=4633Kb
 bounds [0x0000027e1fee0000, 0x0000027e20150000, 0x0000027e20480000]
 total_blobs=1199 nmethods=790 adapters=322
 compilation: enabled
              stopped_count=0, restarted_count=0
 full_count=0

Compilation events (20 events):
Event: 0.757 Thread 0x0000027e380b4920 nmethod 762 0x0000027e18b0ac10 code [0x0000027e18b0af00, 0x0000027e18b0bda8]
Event: 0.757 Thread 0x0000027e380b4920  764       3       java.util.regex.Pattern$$Lambda$4/0x0000000800005560::is (5 bytes)
Event: 0.757 Thread 0x0000027e380b4920 nmethod 764 0x0000027e18b0c390 code [0x0000027e18b0c520, 0x0000027e18b0c698]
Event: 0.757 Thread 0x0000027e380b4920  763       3       java.net.URLStreamHandler::setURL (159 bytes)
Event: 0.758 Thread 0x0000027e380b4920 nmethod 763 0x0000027e18b0c790 code [0x0000027e18b0cb20, 0x0000027e18b0e0a8]
Event: 0.759 Thread 0x0000027e380b4920  765       3       java.util.regex.Pattern::skip (23 bytes)
Event: 0.759 Thread 0x0000027e380b4920 nmethod 765 0x0000027e18b0e990 code [0x0000027e18b0eb20, 0x0000027e18b0ec78]
Event: 0.759 Thread 0x0000027e380b4920  767   !   3       java.lang.ClassLoader::addClass (27 bytes)
Event: 0.759 Thread 0x0000027e380b4920 nmethod 767 0x0000027e18b0ed90 code [0x0000027e18b0ef60, 0x0000027e18b0f548]
Event: 0.760 Thread 0x0000027e380b4920  769       3       java.util.jar.JavaUtilJarAccessImpl::getTrustedAttributes (6 bytes)
Event: 0.760 Thread 0x0000027e380b4920 nmethod 769 0x0000027e18b0f890 code [0x0000027e18b0fa40, 0x0000027e18b0fba8]
Event: 0.760 Thread 0x0000027e380b4920  772   !   3       jdk.internal.loader.Resource::getBytes (244 bytes)
Event: 0.761 Thread 0x0000027e380b4920 nmethod 772 0x0000027e18b0fc90 code [0x0000027e18b0ffa0, 0x0000027e18b114f8]
Event: 0.761 Thread 0x0000027e380b4920  770       3       java.util.jar.Manifest::getTrustedAttributes (57 bytes)
Event: 0.761 Thread 0x0000027e380b4920 nmethod 770 0x0000027e18b11f10 code [0x0000027e18b12180, 0x0000027e18b12b58]
Event: 0.761 Thread 0x0000027e380b4920  771       3       java.util.jar.Manifest::getAttributes (14 bytes)
Event: 0.762 Thread 0x0000027e380b4920 nmethod 771 0x0000027e18b12f10 code [0x0000027e18b130c0, 0x0000027e18b133a8]
Event: 0.762 Thread 0x0000027e380b4920  773       3       java.lang.Thread::interrupted (23 bytes)
Event: 0.762 Thread 0x0000027e380b4920 nmethod 773 0x0000027e18b13490 code [0x0000027e18b13640, 0x0000027e18b137c8]
Event: 0.762 Thread 0x0000027e380b4920  774       3       jdk.internal.loader.URLClassPath$JarLoader$2::getContentLength (9 bytes)

GC Heap History (0 events):
No events

Dll operation events (2 events):
Event: 0.006 Loaded shared library C:\Program Files\Android\Android Studio1\jbr\bin\java.dll
Event: 0.106 Loaded shared library C:\Program Files\Android\Android Studio1\jbr\bin\verify.dll

Deoptimization events (20 events):
Event: 0.749 Thread 0x0000027e154d8020 Uncommon trap: trap_request=0xffffff45 fr.pc=0x0000027e2049bde0 relative=0x00000000000001c0
Event: 0.749 Thread 0x0000027e154d8020 Uncommon trap: reason=unstable_if action=reinterpret pc=0x0000027e2049bde0 method=java.util.regex.Matcher.reset()Ljava/util/regex/Matcher; @ 47 c2
Event: 0.749 Thread 0x0000027e154d8020 DEOPT PACKING pc=0x0000027e2049bde0 sp=0x000000ffda0fd2a0
Event: 0.749 Thread 0x0000027e154d8020 DEOPT UNPACKING pc=0x0000027e1ff369a3 sp=0x000000ffda0fd228 mode 2
Event: 0.749 Thread 0x0000027e154d8020 Uncommon trap: trap_request=0xffffffde fr.pc=0x0000027e2049c8f8 relative=0x0000000000000418
Event: 0.749 Thread 0x0000027e154d8020 Uncommon trap: reason=class_check action=maybe_recompile pc=0x0000027e2049c8f8 method=java.util.regex.Matcher.match(II)Z @ 121 c2
Event: 0.749 Thread 0x0000027e154d8020 DEOPT PACKING pc=0x0000027e2049c8f8 sp=0x000000ffda0fd2f0
Event: 0.749 Thread 0x0000027e154d8020 DEOPT UNPACKING pc=0x0000027e1ff369a3 sp=0x000000ffda0fd298 mode 2
Event: 0.749 Thread 0x0000027e154d8020 Uncommon trap: trap_request=0xffffffde fr.pc=0x0000027e2049c8f8 relative=0x0000000000000418
Event: 0.749 Thread 0x0000027e154d8020 Uncommon trap: reason=class_check action=maybe_recompile pc=0x0000027e2049c8f8 method=java.util.regex.Matcher.match(II)Z @ 121 c2
Event: 0.749 Thread 0x0000027e154d8020 DEOPT PACKING pc=0x0000027e2049c8f8 sp=0x000000ffda0fd2f0
Event: 0.749 Thread 0x0000027e154d8020 DEOPT UNPACKING pc=0x0000027e1ff369a3 sp=0x000000ffda0fd298 mode 2
Event: 0.750 Thread 0x0000027e154d8020 Uncommon trap: trap_request=0xffffffde fr.pc=0x0000027e2049c8f8 relative=0x0000000000000418
Event: 0.750 Thread 0x0000027e154d8020 Uncommon trap: reason=class_check action=maybe_recompile pc=0x0000027e2049c8f8 method=java.util.regex.Matcher.match(II)Z @ 121 c2
Event: 0.750 Thread 0x0000027e154d8020 DEOPT PACKING pc=0x0000027e2049c8f8 sp=0x000000ffda0fd170
Event: 0.750 Thread 0x0000027e154d8020 DEOPT UNPACKING pc=0x0000027e1ff369a3 sp=0x000000ffda0fd118 mode 2
Event: 0.750 Thread 0x0000027e154d8020 Uncommon trap: trap_request=0xffffffde fr.pc=0x0000027e2049c8f8 relative=0x0000000000000418
Event: 0.750 Thread 0x0000027e154d8020 Uncommon trap: reason=class_check action=maybe_recompile pc=0x0000027e2049c8f8 method=java.util.regex.Matcher.match(II)Z @ 121 c2
Event: 0.750 Thread 0x0000027e154d8020 DEOPT PACKING pc=0x0000027e2049c8f8 sp=0x000000ffda0fd170
Event: 0.750 Thread 0x0000027e154d8020 DEOPT UNPACKING pc=0x0000027e1ff369a3 sp=0x000000ffda0fd118 mode 2

Classes unloaded (0 events):
No events

Classes redefined (0 events):
No events

Internal exceptions (2 events):
Event: 0.224 Thread 0x0000027e154d8020 Exception <a 'java/lang/NoSuchMethodError'{0x0000000712185ad0}: 'int java.lang.invoke.DirectMethodHandle$Holder.invokeStaticInit(java.lang.Object, java.lang.Object)'> (0x0000000712185ad0) 
thrown [s\src\hotspot\share\interpreter\linkResolver.cpp, line 771]
Event: 0.758 Thread 0x0000027e154d8020 Exception <a 'java/lang/NoSuchMethodError'{0x0000000710eb7258}: 'void java.lang.invoke.DirectMethodHandle$Holder.invokeStatic(java.lang.Object, java.lang.Object)'> (0x0000000710eb7258) 
thrown [s\src\hotspot\share\interpreter\linkResolver.cpp, line 771]

VM Operations (2 events):
Event: 0.102 Executing VM operation: HandshakeAllThreads
Event: 0.102 Executing VM operation: HandshakeAllThreads done

Events (20 events):
Event: 0.682 loading class java/util/ServiceLoader$ProviderImpl
Event: 0.682 loading class java/util/ServiceLoader$Provider
Event: 0.682 loading class java/util/ServiceLoader$Provider done
Event: 0.682 loading class java/util/ServiceLoader$ProviderImpl done
Event: 0.682 loading class jdk/internal/logger/BootstrapLogger$LoggingBackend
Event: 0.682 loading class jdk/internal/logger/BootstrapLogger$LoggingBackend done
Event: 0.682 loading class jdk/internal/logger/BootstrapLogger$RedirectedLoggers
Event: 0.682 loading class jdk/internal/logger/BootstrapLogger$RedirectedLoggers done
Event: 0.682 loading class jdk/internal/logger/BootstrapLogger$BootstrapExecutors
Event: 0.682 loading class jdk/internal/logger/BootstrapLogger$BootstrapExecutors done
Event: 0.683 loading class java/util/logging/LogManager$4
Event: 0.683 loading class java/util/logging/LogManager$4 done
Event: 0.683 loading class java/util/logging/Logger$SystemLoggerHelper
Event: 0.683 loading class java/util/logging/Logger$SystemLoggerHelper done
Event: 0.683 loading class java/util/logging/Logger$SystemLoggerHelper$1
Event: 0.683 loading class java/util/logging/Logger$SystemLoggerHelper$1 done
Event: 0.683 loading class jdk/internal/logger/DefaultLoggerFinder$1
Event: 0.683 loading class jdk/internal/logger/DefaultLoggerFinder$1 done
Event: 0.724 loading class java/lang/NumberFormatException
Event: 0.724 loading class java/lang/NumberFormatException done


Dynamic libraries:
0x00007ff723590000 - 0x00007ff72359a000 	C:\Program Files\Android\Android Studio1\jbr\bin\java.exe
0x00007ffcff450000 - 0x00007ffcff648000 	C:\WINDOWS\SYSTEM32\ntdll.dll
0x00007ffcfd620000 - 0x00007ffcfd6dd000 	C:\WINDOWS\System32\KERNEL32.DLL
0x00007ffcfcb10000 - 0x00007ffcfce06000 	C:\WINDOWS\System32\KERNELBASE.dll
0x00007ffcfd120000 - 0x00007ffcfd220000 	C:\WINDOWS\System32\ucrtbase.dll
0x00007ffcd3140000 - 0x00007ffcd3157000 	C:\Program Files\Android\Android Studio1\jbr\bin\jli.dll
0x00007ffcfd710000 - 0x00007ffcfd8af000 	C:\WINDOWS\System32\USER32.dll
0x00007ffcd1b80000 - 0x00007ffcd1b9b000 	C:\Program Files\Android\Android Studio1\jbr\bin\VCRUNTIME140.dll
0x00007ffcfd220000 - 0x00007ffcfd242000 	C:\WINDOWS\System32\win32u.dll
0x00007ffcfda00000 - 0x00007ffcfda2b000 	C:\WINDOWS\System32\GDI32.dll
0x00007ffcfcf70000 - 0x00007ffcfd087000 	C:\WINDOWS\System32\gdi32full.dll
0x00007ffcd6270000 - 0x00007ffcd650a000 	C:\WINDOWS\WinSxS\amd64_microsoft.windows.common-controls_6595b64144ccf1df_6.0.19041.4355_none_60b8b9eb71f62e16\COMCTL32.dll
0x00007ffcfd3c0000 - 0x00007ffcfd45d000 	C:\WINDOWS\System32\msvcp_win.dll
0x00007ffcfee00000 - 0x00007ffcfee9e000 	C:\WINDOWS\System32\msvcrt.dll
0x00007ffcfd6e0000 - 0x00007ffcfd70f000 	C:\WINDOWS\System32\IMM32.DLL
0x00007ffcd4140000 - 0x00007ffcd414c000 	C:\Program Files\Android\Android Studio1\jbr\bin\vcruntime140_1.dll
0x00007ffcc1fb0000 - 0x00007ffcc203d000 	C:\Program Files\Android\Android Studio1\jbr\bin\msvcp140.dll
0x00007ffcbab60000 - 0x00007ffcbb7e3000 	C:\Program Files\Android\Android Studio1\jbr\bin\server\jvm.dll
0x00007ffcff340000 - 0x00007ffcff3f0000 	C:\WINDOWS\System32\ADVAPI32.dll
0x00007ffcff1e0000 - 0x00007ffcff280000 	C:\WINDOWS\System32\sechost.dll
0x00007ffcfd8d0000 - 0x00007ffcfd9f3000 	C:\WINDOWS\System32\RPCRT4.dll
0x00007ffcfd460000 - 0x00007ffcfd487000 	C:\WINDOWS\System32\bcrypt.dll
0x00007ffce5ae0000 - 0x00007ffce5ae9000 	C:\WINDOWS\SYSTEM32\WSOCK32.dll
0x00007ffcfc9f0000 - 0x00007ffcfca3b000 	C:\WINDOWS\SYSTEM32\POWRPROF.dll
0x00007ffce9c10000 - 0x00007ffce9c37000 	C:\WINDOWS\SYSTEM32\WINMM.dll
0x00007ffcf7e60000 - 0x00007ffcf7e6a000 	C:\WINDOWS\SYSTEM32\VERSION.dll
0x00007ffcff050000 - 0x00007ffcff0bb000 	C:\WINDOWS\System32\WS2_32.dll
0x00007ffcfc940000 - 0x00007ffcfc952000 	C:\WINDOWS\SYSTEM32\UMPDC.dll
0x00007ffcfb300000 - 0x00007ffcfb312000 	C:\WINDOWS\SYSTEM32\kernel.appcore.dll
0x00007ffcf7ea0000 - 0x00007ffcf7eaa000 	C:\Program Files\Android\Android Studio1\jbr\bin\jimage.dll
0x00007ffcfa880000 - 0x00007ffcfaa64000 	C:\WINDOWS\SYSTEM32\DBGHELP.DLL
0x00007ffcf41c0000 - 0x00007ffcf41f4000 	C:\WINDOWS\SYSTEM32\dbgcore.DLL
0x00007ffcfd090000 - 0x00007ffcfd112000 	C:\WINDOWS\System32\bcryptPrimitives.dll
0x00007ffcd7560000 - 0x00007ffcd7585000 	C:\Program Files\Android\Android Studio1\jbr\bin\java.dll
0x00007ffcd4b10000 - 0x00007ffcd4b28000 	C:\Program Files\Android\Android Studio1\jbr\bin\zip.dll
0x00007ffcfdc00000 - 0x00007ffcfe36c000 	C:\WINDOWS\System32\SHELL32.dll
0x00007ffcfab50000 - 0x00007ffcfb2ed000 	C:\WINDOWS\SYSTEM32\windows.storage.dll
0x00007ffcfeaa0000 - 0x00007ffcfedf3000 	C:\WINDOWS\System32\combase.dll
0x00007ffcfc460000 - 0x00007ffcfc48e000 	C:\WINDOWS\SYSTEM32\Wldp.dll
0x00007ffcfe420000 - 0x00007ffcfe4ed000 	C:\WINDOWS\System32\OLEAUT32.dll
0x00007ffcfe370000 - 0x00007ffcfe41d000 	C:\WINDOWS\System32\SHCORE.dll
0x00007ffcff280000 - 0x00007ffcff2d5000 	C:\WINDOWS\System32\shlwapi.dll
0x00007ffcfca40000 - 0x00007ffcfca64000 	C:\WINDOWS\SYSTEM32\profapi.dll
0x00007ffcd38c0000 - 0x00007ffcd38d9000 	C:\Program Files\Android\Android Studio1\jbr\bin\net.dll
0x00007ffcf3cc0000 - 0x00007ffcf3dca000 	C:\WINDOWS\SYSTEM32\WINHTTP.dll
0x00007ffcfc1c0000 - 0x00007ffcfc22a000 	C:\WINDOWS\system32\mswsock.dll
0x00007ffcd38a0000 - 0x00007ffcd38b6000 	C:\Program Files\Android\Android Studio1\jbr\bin\nio.dll
0x00007ffcf5d10000 - 0x00007ffcf5d20000 	C:\Program Files\Android\Android Studio1\jbr\bin\verify.dll

dbghelp: loaded successfully - version: 4.0.5 - missing functions: none
symbol engine: initialized successfully - sym options: 0x614 - pdb path: .;C:\Program Files\Android\Android Studio1\jbr\bin;C:\WINDOWS\SYSTEM32;C:\WINDOWS\WinSxS\amd64_microsoft.windows.common-controls_6595b64144ccf1df_6.0.19041.4355_none_60b8b9eb71f62e16;C:\Program Files\Android\Android Studio1\jbr\bin\server

VM Arguments:
jvm_args: -Dorg.gradle.appname=gradlew 
java_command: org.gradle.wrapper.GradleWrapperMain -q -Ptarget-platform=android-arm64 -Ptarget=C:\Users\verge\Documents\bloc-quiz-main\lib\main.dart -Pbase-application-name=android.app.Application -Pdart-defines=Zmx1dHRlci5pbnNwZWN0b3Iuc3RydWN0dXJlZEVycm9ycz10cnVl,RkxVVFRFUl9XRUJfQVVUT19ERVRFQ1Q9dHJ1ZQ==,RkxVVFRFUl9XRUJfQ0FOVkFTS0lUX1VSTD1odHRwczovL3d3dy5nc3RhdGljLmNvbS9mbHV0dGVyLWNhbnZhc2tpdC9mNDBlOTc2YmVkZmY1N2U2OWUxYjNkODlhN2MyYTNjNjE3YTAzZGFkLw== -Pdart-obfuscation=false -Ptrack-widget-creation=true -Ptree-shake-icons=false -Pfilesystem-scheme=org-dartlang-root assembleDebug
java_class_path (initial): C:\Users\verge\Documents\bloc-quiz-main\android\\gradle\wrapper\gradle-wrapper.jar
Launcher Type: SUN_STANDARD

[Global flags]
     intx CICompilerCount                          = 4                                         {product} {ergonomic}
     uint ConcGCThreads                            = 2                                         {product} {ergonomic}
     uint G1ConcRefinementThreads                  = 8                                         {product} {ergonomic}
   size_t G1HeapRegionSize                         = 2097152                                   {product} {ergonomic}
    uintx GCDrainStackTargetSize                   = 64                                        {product} {ergonomic}
   size_t InitialHeapSize                          = 266338304                                 {product} {ergonomic}
   size_t MarkStackSize                            = 4194304                                   {product} {ergonomic}
   size_t MaxHeapSize                              = 4255121408                                {product} {ergonomic}
   size_t MaxNewSize                               = 2552233984                                {product} {ergonomic}
   size_t MinHeapDeltaBytes                        = 2097152                                   {product} {ergonomic}
   size_t MinHeapSize                              = 8388608                                   {product} {ergonomic}
    uintx NonNMethodCodeHeapSize                   = 5839372                                {pd product} {ergonomic}
    uintx NonProfiledCodeHeapSize                  = 122909434                              {pd product} {ergonomic}
    uintx ProfiledCodeHeapSize                     = 122909434                              {pd product} {ergonomic}
    uintx ReservedCodeCacheSize                    = 251658240                              {pd product} {ergonomic}
     bool SegmentedCodeCache                       = true                                      {product} {ergonomic}
   size_t SoftMaxHeapSize                          = 4255121408                             {manageable} {ergonomic}
     bool UseCompressedClassPointers               = true                           {product lp64_product} {ergonomic}
     bool UseCompressedOops                        = true                           {product lp64_product} {ergonomic}
     bool UseG1GC                                  = true                                      {product} {ergonomic}
     bool UseLargePagesIndividualAllocation        = false                                  {pd product} {ergonomic}

Logging:
Log output configuration:
 #0: stdout all=warning uptime,level,tags
 #1: stderr all=off uptime,level,tags

Environment Variables:
JAVA_HOME=C:\Program Files\Android\Android Studio1\jbr
CLASSPATH=C:\Users\verge\Documents\bloc-quiz-main\android\\gradle\wrapper\gradle-wrapper.jar
PATH=C:\Program Files\Android\Android Studio1\jbr\bin;C:\Program Files (x86)\Embarcadero\Studio\23.0\bin;C:\Users\Public\Documents\Embarcadero\Studio\23.0\Bpl;C:\Program Files (x86)\Embarcadero\Studio\23.0\bin64;C:\Users\Public\Documents\Embarcadero\Studio\23.0\Bpl\Win64;C:\Program Files\Common Files\Oracle\Java\javapath;C:\Program Files (x86)\Common Files\Oracle\Java\javapath;C:\Program Files (x86)\Common Files\Intel\Shared Libraries\redist\intel64\compiler;C:\WINDOWS\system32;C:\WINDOWS;C:\WINDOWS\System32\Wbem;C:\WINDOWS\System32\WindowsPowerShell\v1.0\;C:\Program Files\7-Zip;C:\WINDOWS\System32\OpenSSH\;C:\Program Files (x86)\NVIDIA Corporation\PhysX\Common;C:\Program Files\NVIDIA Corporation\NVIDIA NvDLISR;C:\Program Files (x86)\NoteBook FanControl\;C:\Program Files\Git\cmd;C:\Program Files\dotnet\;C:\Program Files\Go\bin;C:\Program Files\nodejs\;C:\WINDOWS\system32;C:\WINDOWS;C:\WINDOWS\System32\Wbem;C:\WINDOWS\System32\WindowsPowerShell\v1.0\;C:\WINDOWS\System32\OpenSSH\;C:\Program Files\gnuplot\bin;C:\Users\verge\AppData\Local\Pub\Cache\bin;C:\Program Files (x86)\Windows Kits\10\Windows Performance Toolkit\;C:\Program Files (x86)\Intel\Intel(R) Management Engine Components\DAL;C:\Program Files\Intel\Intel(R) Management Engine Components\DAL;c:\Users\verge\AppData\Local\Programs\cursor\resources\app\bin;C:\Program Files\MySQL\MySQL Shell 8.0\bin\;C:\Users\verge\AppData\Local\Programs\Python\Python311\Scripts\;C:\Users\verge\AppData\Local\Programs\Python\Python311\;C:\Users\verge\AppData\Local\Programs\Python\Python38-32\Scripts\;C:\Users\verge\AppData\Local\Programs\Python\Python38-32\;C:\Users\verge\AppData\Roaming\ActiveState\bin;C:\Program Files (x86)\ActiveState Komodo IDE 12\;C:\ProgramData\Oracle\Java\javapath;C:\WINDOWS\system32;C:\WINDOWS;C:\WINDOWS\System32\Wbem;C:\WINDOWS\System32\WindowsPowerShell\v1.0\;C:\Program Files\7-Zip;C:\WINDOWS\System32\OpenSSH\;C:\Program Files\JetBrains\PyCharm Community Edition 2023.3.4\bin;;C:\Users\verge\AppData\Local\Mi
USERNAME=verge
OS=Windows_NT
PROCESSOR_IDENTIFIER=Intel64 Family 6 Model 158 Stepping 10, GenuineIntel
TMP=C:\Users\verge\AppData\Local\Temp
TEMP=C:\Users\verge\AppData\Local\Temp



Periodic native trim disabled

JNI global refs:
JNI global refs: 9, weak refs: 0

JNI global refs memory usage: 843, weak refs: 841

OOME stack traces (most recent first):
Classloader memory used:
Loader bootstrap                                                                       : 1176K
Loader org.gradle.internal.classloader.VisitableURLClassLoader                         : 154K
Loader java.net.URLClassLoader                                                         : 26124B
Loader jdk.internal.loader.ClassLoaders$AppClassLoader                                 : 18431B

Classes loaded by more than one classloader:
Class org.gradle.internal.installation.GradleInstallation                             : loaded 2 times (x 73B)
Class org.gradle.cli.ParsedCommandLine                                                : loaded 2 times (x 78B)
Class org.gradle.api.Action                                                           : loaded 2 times (x 68B)
Class org.gradle.cli.CommandLineParser$OptionString                                   : loaded 2 times (x 71B)
Class org.gradle.internal.installation.GradleInstallation$1                           : loaded 2 times (x 73B)
Class org.gradle.cli.CommandLineParser$AfterOptions                                   : loaded 2 times (x 75B)
Class org.gradle.cli.CommandLineParser$AfterFirstSubCommand                           : loaded 2 times (x 75B)
Class org.gradle.internal.service.UnknownServiceException                             : loaded 2 times (x 81B)
Class org.gradle.api.GradleException                                                  : loaded 2 times (x 80B)
Class org.gradle.cli.CommandLineParser$KnownOptionParserState                         : loaded 2 times (x 74B)
Class org.gradle.cli.AbstractPropertiesCommandLineConverter                           : loaded 2 times (x 81B)
Class org.gradle.api.specs.Spec                                                       : loaded 2 times (x 68B)
Class org.gradle.cli.SystemPropertiesCommandLineConverter                             : loaded 2 times (x 81B)
Class org.gradle.internal.IoActions                                                   : loaded 2 times (x 69B)
Class org.gradle.internal.installation.CurrentGradleInstallation                      : loaded 2 times (x 71B)
Class org.gradle.internal.installation.CurrentGradleInstallationLocator               : loaded 2 times (x 69B)
Class org.gradle.api.Transformer                                                      : loaded 2 times (x 68B)
Class org.gradle.cli.CommandLineParser                                                : loaded 2 times (x 77B)
Class org.gradle.cli.CommandLineParser$BeforeFirstSubCommand                          : loaded 2 times (x 75B)
Class org.gradle.cli.CommandLineOption                                                : loaded 2 times (x 84B)
Class org.gradle.cli.CommandLineParser$ParserState                                    : loaded 2 times (x 74B)
Class org.gradle.cli.CommandLineParser$MissingOptionArgState                          : loaded 2 times (x 75B)
Class org.gradle.api.UncheckedIOException                                             : loaded 2 times (x 80B)
Class org.gradle.cli.ParsedCommandLineOption                                          : loaded 2 times (x 74B)
Class org.gradle.internal.classloader.ClasspathUtil                                   : loaded 2 times (x 69B)
Class org.gradle.cli.CommandLineParser$UnknownOptionParserState                       : loaded 2 times (x 74B)
Class org.gradle.internal.service.ServiceLookupException                              : loaded 2 times (x 80B)
Class org.gradle.cli.CommandLineParser$OptionAwareParserState                         : loaded 2 times (x 75B)
Class org.gradle.cli.CommandLineParser$OptionParserState                              : loaded 2 times (x 73B)
Class org.gradle.internal.Cast                                                        : loaded 2 times (x 69B)
Class org.gradle.cli.CommandLineConverter                                             : loaded 2 times (x 68B)
Class org.gradle.cli.AbstractCommandLineConverter                                     : loaded 2 times (x 77B)
Class org.gradle.cli.CommandLineArgumentException                                     : loaded 2 times (x 80B)


---------------  S Y S T E M  ---------------

OS:
 Windows 10 , 64 bit Build 19041 (10.0.19041.3636)
OS uptime: 3 days 19:45 hours

CPU: total 8 (initial active 8) (4 cores per cpu, 2 threads per core) family 6 model 158 stepping 10 microcode 0xf0, cx8, cmov, fxsr, ht, mmx, 3dnowpref, sse, sse2, sse3, ssse3, sse4.1, sse4.2, popcnt, lzcnt, tsc, tscinvbit, avx, avx2, aes, erms, clmul, bmi1, bmi2, adx, fma, vzeroupper, clflush, clflushopt
Processor Information for all 8 processors :
  Max Mhz: 2304, Current Mhz: 2304, Mhz Limit: 2304

Memory: 4k page, system-wide physical 16229M (4779M free)
TotalPageFile size 24229M (AvailPageFile size 1M)
current process WorkingSet (physical memory assigned to process): 77M, peak: 77M
current process commit charge ("private bytes"): 354M, peak: 355M

vm_info: OpenJDK 64-Bit Server VM (17.0.10+0--11609105) for windows-amd64 JRE (17.0.10+0--11609105), built on Mar 21 2024 19:10:56 by "androidbuild" with MS VC++ 16.10 / 16.11 (VS2019)

END.
