#
# There is insufficient memory for the Java Runtime Environment to continue.
# Native memory allocation (malloc) failed to allocate 80624 bytes for Chunk::new
# Possible reasons:
#   The system is out of physical RAM or swap space
#   The process is running with CompressedOops enabled, and the Java Heap may be blocking the growth of the native heap
# Possible solutions:
#   Reduce memory load on the system
#   Increase physical memory or swap space
#   Check if swap backing store is full
#   Decrease Java heap size (-Xmx/-Xms)
#   Decrease number of Java threads
#   Decrease Java thread stack sizes (-Xss)
#   Set larger code cache with -XX:ReservedCodeCacheSize=
#   JVM is running with Zero Based Compressed Oops mode in which the Java heap is
#     placed in the first 32GB address space. The Java Heap base address is the
#     maximum limit for the native heap growth. Please use -XX:HeapBaseMinAddress
#     to set the Java Heap base and to place the Java Heap above 32GB virtual address.
# This output file may be truncated or incomplete.
#
#  Out of Memory Error (arena.cpp:191), pid=1468, tid=17860
#
# JRE version: OpenJDK Runtime Environment (17.0.10) (build 17.0.10+0--11609105)
# Java VM: OpenJDK 64-Bit Server VM (17.0.10+0--11609105, mixed mode, tiered, compressed oops, compressed class ptrs, g1 gc, windows-amd64)
# No core dump will be written. Minidumps are not enabled by default on client versions of Windows
#

---------------  S U M M A R Y ------------

Command Line: -Dorg.gradle.appname=gradlew org.gradle.wrapper.GradleWrapperMain -q -Ptarget-platform=android-x86 -Ptarget=C:\Users\verge\Documents\bloc-quiz-main\lib\main.dart -Pbase-application-name=android.app.Application -Pdart-defines=Zmx1dHRlci5pbnNwZWN0b3Iuc3RydWN0dXJlZEVycm9ycz10cnVl,RkxVVFRFUl9XRUJfQVVUT19ERVRFQ1Q9dHJ1ZQ==,RkxVVFRFUl9XRUJfQ0FOVkFTS0lUX1VSTD1odHRwczovL3d3dy5nc3RhdGljLmNvbS9mbHV0dGVyLWNhbnZhc2tpdC9mNDBlOTc2YmVkZmY1N2U2OWUxYjNkODlhN2MyYTNjNjE3YTAzZGFkLw== -Pdart-obfuscation=false -Ptrack-widget-creation=true -Ptree-shake-icons=false -Pfilesystem-scheme=org-dartlang-root assembleDebug

Host: Intel(R) Core(TM) i5-8300H CPU @ 2.30GHz, 8 cores, 15G,  Windows 10 , 64 bit Build 19041 (10.0.19041.3636)
Time: Tue Jun 25 19:09:51 2024 RTZ 4 (s 10 , 64 bit Build 19041 (10.0.19041.3636) elapsed time: 2.119162 seconds (0d 0h 0m 2s)

---------------  T H R E A D  ---------------

Current thread (0x000002399cc268b0):  JavaThread "C2 CompilerThread0" daemon [_thread_in_native, id=17860, stack(0x00000094c2200000,0x00000094c2300000)]


Current CompileTask:
C2:   2119  501       4       java.lang.StringBuilder::append (8 bytes)

Stack: [0x00000094c2200000,0x00000094c2300000]
Native frames: (J=compiled Java code, j=interpreted, Vv=VM code, C=native code)
V  [jvm.dll+0x688de9]
V  [jvm.dll+0x8423da]
V  [jvm.dll+0x84401e]
V  [jvm.dll+0x844683]
V  [jvm.dll+0x24be0f]
V  [jvm.dll+0xac524]
V  [jvm.dll+0xacb6c]
V  [jvm.dll+0x36bd67]
V  [jvm.dll+0x33615a]
V  [jvm.dll+0x3355fa]
V  [jvm.dll+0x21daa1]
V  [jvm.dll+0x21cec1]
V  [jvm.dll+0x1a60ad]
V  [jvm.dll+0x22cd78]
V  [jvm.dll+0x22aeb0]
V  [jvm.dll+0x7f6877]
V  [jvm.dll+0x7f0c7a]
V  [jvm.dll+0x687c65]
C  [ucrtbase.dll+0x21bb2]
C  [KERNEL32.DLL+0x17344]
C  [ntdll.dll+0x4cc91]


---------------  P R O C E S S  ---------------

Threads class SMR info:
_java_thread_list=0x000002399cf65390, length=13, elements={
0x00000239fe077180, 0x000002399cbf0260, 0x000002399cbf0ff0, 0x000002399cc20ff0,
0x000002399cc238d0, 0x000002399cc247b0, 0x000002399cc25080, 0x000002399cc268b0,
0x000002399cc3ca90, 0x000002399cc3f3b0, 0x000002399cda7c50, 0x000002399cdb89e0,
0x00000239a12c3810
}

Java Threads: ( => current thread )
  0x00000239fe077180 JavaThread "main" [_thread_in_native, id=19620, stack(0x00000094c1500000,0x00000094c1600000)]
  0x000002399cbf0260 JavaThread "Reference Handler" daemon [_thread_blocked, id=18544, stack(0x00000094c1c00000,0x00000094c1d00000)]
  0x000002399cbf0ff0 JavaThread "Finalizer" daemon [_thread_blocked, id=12176, stack(0x00000094c1d00000,0x00000094c1e00000)]
  0x000002399cc20ff0 JavaThread "Signal Dispatcher" daemon [_thread_blocked, id=18840, stack(0x00000094c1e00000,0x00000094c1f00000)]
  0x000002399cc238d0 JavaThread "Attach Listener" daemon [_thread_blocked, id=20856, stack(0x00000094c1f00000,0x00000094c2000000)]
  0x000002399cc247b0 JavaThread "Service Thread" daemon [_thread_blocked, id=12844, stack(0x00000094c2000000,0x00000094c2100000)]
  0x000002399cc25080 JavaThread "Monitor Deflation Thread" daemon [_thread_blocked, id=14052, stack(0x00000094c2100000,0x00000094c2200000)]
=>0x000002399cc268b0 JavaThread "C2 CompilerThread0" daemon [_thread_in_native, id=17860, stack(0x00000094c2200000,0x00000094c2300000)]
  0x000002399cc3ca90 JavaThread "C1 CompilerThread0" daemon [_thread_blocked, id=19380, stack(0x00000094c2300000,0x00000094c2400000)]
  0x000002399cc3f3b0 JavaThread "Sweeper thread" daemon [_thread_blocked, id=12880, stack(0x00000094c2400000,0x00000094c2500000)]
  0x000002399cda7c50 JavaThread "Notification Thread" daemon [_thread_blocked, id=15380, stack(0x00000094c2500000,0x00000094c2600000)]
  0x000002399cdb89e0 JavaThread "Common-Cleaner" daemon [_thread_blocked, id=21440, stack(0x00000094c2700000,0x00000094c2800000)]
  0x00000239a12c3810 JavaThread "C2 CompilerThread1" daemon [_thread_in_native, id=14852, stack(0x00000094c2800000,0x00000094c2900000)]

Other Threads:
  0x000002399cbc9b10 VMThread "VM Thread" [stack: 0x00000094c1b00000,0x00000094c1c00000] [id=17584]
  0x000002399cda8130 WatcherThread [stack: 0x00000094c2600000,0x00000094c2700000] [id=13164]
  0x00000239fe0e2a90 GCTaskThread "GC Thread#0" [stack: 0x00000094c1600000,0x00000094c1700000] [id=14340]
  0x00000239fe0f3680 ConcurrentGCThread "G1 Main Marker" [stack: 0x00000094c1700000,0x00000094c1800000] [id=13756]
  0x00000239fe0f4750 ConcurrentGCThread "G1 Conc#0" [stack: 0x00000094c1800000,0x00000094c1900000] [id=18776]
  0x00000239fe12d800 ConcurrentGCThread "G1 Refine#0" [stack: 0x00000094c1900000,0x00000094c1a00000] [id=2316]
  0x000002399c8ee140 ConcurrentGCThread "G1 Service" [stack: 0x00000094c1a00000,0x00000094c1b00000] [id=7108]

Threads with active compile tasks:
C2 CompilerThread0     2153  501       4       java.lang.StringBuilder::append (8 bytes)
C2 CompilerThread1     2153  519   !   4       java.util.zip.ZipFile$Source::checkAndAddEntry (262 bytes)

VM state: not at safepoint (normal execution)

VM Mutex/Monitor currently owned by a thread: None

Heap address: 0x0000000702600000, size: 4058 MB, Compressed Oops mode: Zero based, Oop shift amount: 3

CDS archive(s) not mapped
Compressed class space mapped at: 0x0000000800000000-0x0000000840000000, reserved size: 1073741824
Narrow klass base: 0x0000000800000000, Narrow klass shift: 0, Narrow klass range: 0x40000000

GC Precious Log:
 CPUs: 8 total, 8 available
 Memory: 16229M
 Large Page Support: Disabled
 NUMA Support: Disabled
 Compressed Oops: Enabled (Zero based)
 Heap Region Size: 2M
 Heap Min Capacity: 8M
 Heap Initial Capacity: 254M
 Heap Max Capacity: 4058M
 Pre-touch: Disabled
 Parallel Workers: 8
 Concurrent Workers: 2
 Concurrent Refinement Workers: 8
 Periodic GC: Disabled

Heap:
 garbage-first heap   total 260096K, used 10240K [0x0000000702600000, 0x0000000800000000)
  region size 2048K, 7 young (14336K), 0 survivors (0K)
 Metaspace       used 8392K, committed 8512K, reserved 1114112K
  class space    used 740K, committed 768K, reserved 1048576K

Heap Regions: E=young(eden), S=young(survivor), O=old, HS=humongous(starts), HC=humongous(continues), CS=collection set, F=free, OA=open archive, CA=closed archive, TAMS=top-at-mark-start (previous, next)
|   0|0x0000000702600000, 0x0000000702600000, 0x0000000702800000|  0%| F|  |TAMS 0x0000000702600000, 0x0000000702600000| Untracked 
|   1|0x0000000702800000, 0x0000000702800000, 0x0000000702a00000|  0%| F|  |TAMS 0x0000000702800000, 0x0000000702800000| Untracked 
|   2|0x0000000702a00000, 0x0000000702a00000, 0x0000000702c00000|  0%| F|  |TAMS 0x0000000702a00000, 0x0000000702a00000| Untracked 
|   3|0x0000000702c00000, 0x0000000702c00000, 0x0000000702e00000|  0%| F|  |TAMS 0x0000000702c00000, 0x0000000702c00000| Untracked 
|   4|0x0000000702e00000, 0x0000000702e00000, 0x0000000703000000|  0%| F|  |TAMS 0x0000000702e00000, 0x0000000702e00000| Untracked 
|   5|0x0000000703000000, 0x0000000703000000, 0x0000000703200000|  0%| F|  |TAMS 0x0000000703000000, 0x0000000703000000| Untracked 
|   6|0x0000000703200000, 0x0000000703200000, 0x0000000703400000|  0%| F|  |TAMS 0x0000000703200000, 0x0000000703200000| Untracked 
|   7|0x0000000703400000, 0x0000000703400000, 0x0000000703600000|  0%| F|  |TAMS 0x0000000703400000, 0x0000000703400000| Untracked 
|   8|0x0000000703600000, 0x0000000703600000, 0x0000000703800000|  0%| F|  |TAMS 0x0000000703600000, 0x0000000703600000| Untracked 
|   9|0x0000000703800000, 0x0000000703800000, 0x0000000703a00000|  0%| F|  |TAMS 0x0000000703800000, 0x0000000703800000| Untracked 
|  10|0x0000000703a00000, 0x0000000703a00000, 0x0000000703c00000|  0%| F|  |TAMS 0x0000000703a00000, 0x0000000703a00000| Untracked 
|  11|0x0000000703c00000, 0x0000000703c00000, 0x0000000703e00000|  0%| F|  |TAMS 0x0000000703c00000, 0x0000000703c00000| Untracked 
|  12|0x0000000703e00000, 0x0000000703e00000, 0x0000000704000000|  0%| F|  |TAMS 0x0000000703e00000, 0x0000000703e00000| Untracked 
|  13|0x0000000704000000, 0x0000000704000000, 0x0000000704200000|  0%| F|  |TAMS 0x0000000704000000, 0x0000000704000000| Untracked 
|  14|0x0000000704200000, 0x0000000704200000, 0x0000000704400000|  0%| F|  |TAMS 0x0000000704200000, 0x0000000704200000| Untracked 
|  15|0x0000000704400000, 0x0000000704400000, 0x0000000704600000|  0%| F|  |TAMS 0x0000000704400000, 0x0000000704400000| Untracked 
|  16|0x0000000704600000, 0x0000000704600000, 0x0000000704800000|  0%| F|  |TAMS 0x0000000704600000, 0x0000000704600000| Untracked 
|  17|0x0000000704800000, 0x0000000704800000, 0x0000000704a00000|  0%| F|  |TAMS 0x0000000704800000, 0x0000000704800000| Untracked 
|  18|0x0000000704a00000, 0x0000000704a00000, 0x0000000704c00000|  0%| F|  |TAMS 0x0000000704a00000, 0x0000000704a00000| Untracked 
|  19|0x0000000704c00000, 0x0000000704c00000, 0x0000000704e00000|  0%| F|  |TAMS 0x0000000704c00000, 0x0000000704c00000| Untracked 
|  20|0x0000000704e00000, 0x0000000704e00000, 0x0000000705000000|  0%| F|  |TAMS 0x0000000704e00000, 0x0000000704e00000| Untracked 
|  21|0x0000000705000000, 0x0000000705000000, 0x0000000705200000|  0%| F|  |TAMS 0x0000000705000000, 0x0000000705000000| Untracked 
|  22|0x0000000705200000, 0x0000000705200000, 0x0000000705400000|  0%| F|  |TAMS 0x0000000705200000, 0x0000000705200000| Untracked 
|  23|0x0000000705400000, 0x0000000705400000, 0x0000000705600000|  0%| F|  |TAMS 0x0000000705400000, 0x0000000705400000| Untracked 
|  24|0x0000000705600000, 0x0000000705600000, 0x0000000705800000|  0%| F|  |TAMS 0x0000000705600000, 0x0000000705600000| Untracked 
|  25|0x0000000705800000, 0x0000000705800000, 0x0000000705a00000|  0%| F|  |TAMS 0x0000000705800000, 0x0000000705800000| Untracked 
|  26|0x0000000705a00000, 0x0000000705a00000, 0x0000000705c00000|  0%| F|  |TAMS 0x0000000705a00000, 0x0000000705a00000| Untracked 
|  27|0x0000000705c00000, 0x0000000705c00000, 0x0000000705e00000|  0%| F|  |TAMS 0x0000000705c00000, 0x0000000705c00000| Untracked 
|  28|0x0000000705e00000, 0x0000000705e00000, 0x0000000706000000|  0%| F|  |TAMS 0x0000000705e00000, 0x0000000705e00000| Untracked 
|  29|0x0000000706000000, 0x0000000706000000, 0x0000000706200000|  0%| F|  |TAMS 0x0000000706000000, 0x0000000706000000| Untracked 
|  30|0x0000000706200000, 0x0000000706200000, 0x0000000706400000|  0%| F|  |TAMS 0x0000000706200000, 0x0000000706200000| Untracked 
|  31|0x0000000706400000, 0x0000000706400000, 0x0000000706600000|  0%| F|  |TAMS 0x0000000706400000, 0x0000000706400000| Untracked 
|  32|0x0000000706600000, 0x0000000706600000, 0x0000000706800000|  0%| F|  |TAMS 0x0000000706600000, 0x0000000706600000| Untracked 
|  33|0x0000000706800000, 0x0000000706800000, 0x0000000706a00000|  0%| F|  |TAMS 0x0000000706800000, 0x0000000706800000| Untracked 
|  34|0x0000000706a00000, 0x0000000706a00000, 0x0000000706c00000|  0%| F|  |TAMS 0x0000000706a00000, 0x0000000706a00000| Untracked 
|  35|0x0000000706c00000, 0x0000000706c00000, 0x0000000706e00000|  0%| F|  |TAMS 0x0000000706c00000, 0x0000000706c00000| Untracked 
|  36|0x0000000706e00000, 0x0000000706e00000, 0x0000000707000000|  0%| F|  |TAMS 0x0000000706e00000, 0x0000000706e00000| Untracked 
|  37|0x0000000707000000, 0x0000000707000000, 0x0000000707200000|  0%| F|  |TAMS 0x0000000707000000, 0x0000000707000000| Untracked 
|  38|0x0000000707200000, 0x0000000707200000, 0x0000000707400000|  0%| F|  |TAMS 0x0000000707200000, 0x0000000707200000| Untracked 
|  39|0x0000000707400000, 0x0000000707400000, 0x0000000707600000|  0%| F|  |TAMS 0x0000000707400000, 0x0000000707400000| Untracked 
|  40|0x0000000707600000, 0x0000000707600000, 0x0000000707800000|  0%| F|  |TAMS 0x0000000707600000, 0x0000000707600000| Untracked 
|  41|0x0000000707800000, 0x0000000707800000, 0x0000000707a00000|  0%| F|  |TAMS 0x0000000707800000, 0x0000000707800000| Untracked 
|  42|0x0000000707a00000, 0x0000000707a00000, 0x0000000707c00000|  0%| F|  |TAMS 0x0000000707a00000, 0x0000000707a00000| Untracked 
|  43|0x0000000707c00000, 0x0000000707c00000, 0x0000000707e00000|  0%| F|  |TAMS 0x0000000707c00000, 0x0000000707c00000| Untracked 
|  44|0x0000000707e00000, 0x0000000707e00000, 0x0000000708000000|  0%| F|  |TAMS 0x0000000707e00000, 0x0000000707e00000| Untracked 
|  45|0x0000000708000000, 0x0000000708000000, 0x0000000708200000|  0%| F|  |TAMS 0x0000000708000000, 0x0000000708000000| Untracked 
|  46|0x0000000708200000, 0x0000000708200000, 0x0000000708400000|  0%| F|  |TAMS 0x0000000708200000, 0x0000000708200000| Untracked 
|  47|0x0000000708400000, 0x0000000708400000, 0x0000000708600000|  0%| F|  |TAMS 0x0000000708400000, 0x0000000708400000| Untracked 
|  48|0x0000000708600000, 0x0000000708600000, 0x0000000708800000|  0%| F|  |TAMS 0x0000000708600000, 0x0000000708600000| Untracked 
|  49|0x0000000708800000, 0x0000000708800000, 0x0000000708a00000|  0%| F|  |TAMS 0x0000000708800000, 0x0000000708800000| Untracked 
|  50|0x0000000708a00000, 0x0000000708a00000, 0x0000000708c00000|  0%| F|  |TAMS 0x0000000708a00000, 0x0000000708a00000| Untracked 
|  51|0x0000000708c00000, 0x0000000708c00000, 0x0000000708e00000|  0%| F|  |TAMS 0x0000000708c00000, 0x0000000708c00000| Untracked 
|  52|0x0000000708e00000, 0x0000000708e00000, 0x0000000709000000|  0%| F|  |TAMS 0x0000000708e00000, 0x0000000708e00000| Untracked 
|  53|0x0000000709000000, 0x0000000709000000, 0x0000000709200000|  0%| F|  |TAMS 0x0000000709000000, 0x0000000709000000| Untracked 
|  54|0x0000000709200000, 0x0000000709200000, 0x0000000709400000|  0%| F|  |TAMS 0x0000000709200000, 0x0000000709200000| Untracked 
|  55|0x0000000709400000, 0x0000000709400000, 0x0000000709600000|  0%| F|  |TAMS 0x0000000709400000, 0x0000000709400000| Untracked 
|  56|0x0000000709600000, 0x0000000709600000, 0x0000000709800000|  0%| F|  |TAMS 0x0000000709600000, 0x0000000709600000| Untracked 
|  57|0x0000000709800000, 0x0000000709800000, 0x0000000709a00000|  0%| F|  |TAMS 0x0000000709800000, 0x0000000709800000| Untracked 
|  58|0x0000000709a00000, 0x0000000709a00000, 0x0000000709c00000|  0%| F|  |TAMS 0x0000000709a00000, 0x0000000709a00000| Untracked 
|  59|0x0000000709c00000, 0x0000000709c00000, 0x0000000709e00000|  0%| F|  |TAMS 0x0000000709c00000, 0x0000000709c00000| Untracked 
|  60|0x0000000709e00000, 0x0000000709e00000, 0x000000070a000000|  0%| F|  |TAMS 0x0000000709e00000, 0x0000000709e00000| Untracked 
|  61|0x000000070a000000, 0x000000070a000000, 0x000000070a200000|  0%| F|  |TAMS 0x000000070a000000, 0x000000070a000000| Untracked 
|  62|0x000000070a200000, 0x000000070a200000, 0x000000070a400000|  0%| F|  |TAMS 0x000000070a200000, 0x000000070a200000| Untracked 
|  63|0x000000070a400000, 0x000000070a400000, 0x000000070a600000|  0%| F|  |TAMS 0x000000070a400000, 0x000000070a400000| Untracked 
|  64|0x000000070a600000, 0x000000070a600000, 0x000000070a800000|  0%| F|  |TAMS 0x000000070a600000, 0x000000070a600000| Untracked 
|  65|0x000000070a800000, 0x000000070a800000, 0x000000070aa00000|  0%| F|  |TAMS 0x000000070a800000, 0x000000070a800000| Untracked 
|  66|0x000000070aa00000, 0x000000070aa00000, 0x000000070ac00000|  0%| F|  |TAMS 0x000000070aa00000, 0x000000070aa00000| Untracked 
|  67|0x000000070ac00000, 0x000000070ac00000, 0x000000070ae00000|  0%| F|  |TAMS 0x000000070ac00000, 0x000000070ac00000| Untracked 
|  68|0x000000070ae00000, 0x000000070ae00000, 0x000000070b000000|  0%| F|  |TAMS 0x000000070ae00000, 0x000000070ae00000| Untracked 
|  69|0x000000070b000000, 0x000000070b000000, 0x000000070b200000|  0%| F|  |TAMS 0x000000070b000000, 0x000000070b000000| Untracked 
|  70|0x000000070b200000, 0x000000070b200000, 0x000000070b400000|  0%| F|  |TAMS 0x000000070b200000, 0x000000070b200000| Untracked 
|  71|0x000000070b400000, 0x000000070b400000, 0x000000070b600000|  0%| F|  |TAMS 0x000000070b400000, 0x000000070b400000| Untracked 
|  72|0x000000070b600000, 0x000000070b600000, 0x000000070b800000|  0%| F|  |TAMS 0x000000070b600000, 0x000000070b600000| Untracked 
|  73|0x000000070b800000, 0x000000070b800000, 0x000000070ba00000|  0%| F|  |TAMS 0x000000070b800000, 0x000000070b800000| Untracked 
|  74|0x000000070ba00000, 0x000000070ba00000, 0x000000070bc00000|  0%| F|  |TAMS 0x000000070ba00000, 0x000000070ba00000| Untracked 
|  75|0x000000070bc00000, 0x000000070bc00000, 0x000000070be00000|  0%| F|  |TAMS 0x000000070bc00000, 0x000000070bc00000| Untracked 
|  76|0x000000070be00000, 0x000000070be00000, 0x000000070c000000|  0%| F|  |TAMS 0x000000070be00000, 0x000000070be00000| Untracked 
|  77|0x000000070c000000, 0x000000070c000000, 0x000000070c200000|  0%| F|  |TAMS 0x000000070c000000, 0x000000070c000000| Untracked 
|  78|0x000000070c200000, 0x000000070c200000, 0x000000070c400000|  0%| F|  |TAMS 0x000000070c200000, 0x000000070c200000| Untracked 
|  79|0x000000070c400000, 0x000000070c400000, 0x000000070c600000|  0%| F|  |TAMS 0x000000070c400000, 0x000000070c400000| Untracked 
|  80|0x000000070c600000, 0x000000070c600000, 0x000000070c800000|  0%| F|  |TAMS 0x000000070c600000, 0x000000070c600000| Untracked 
|  81|0x000000070c800000, 0x000000070c800000, 0x000000070ca00000|  0%| F|  |TAMS 0x000000070c800000, 0x000000070c800000| Untracked 
|  82|0x000000070ca00000, 0x000000070ca00000, 0x000000070cc00000|  0%| F|  |TAMS 0x000000070ca00000, 0x000000070ca00000| Untracked 
|  83|0x000000070cc00000, 0x000000070cc00000, 0x000000070ce00000|  0%| F|  |TAMS 0x000000070cc00000, 0x000000070cc00000| Untracked 
|  84|0x000000070ce00000, 0x000000070ce00000, 0x000000070d000000|  0%| F|  |TAMS 0x000000070ce00000, 0x000000070ce00000| Untracked 
|  85|0x000000070d000000, 0x000000070d000000, 0x000000070d200000|  0%| F|  |TAMS 0x000000070d000000, 0x000000070d000000| Untracked 
|  86|0x000000070d200000, 0x000000070d200000, 0x000000070d400000|  0%| F|  |TAMS 0x000000070d200000, 0x000000070d200000| Untracked 
|  87|0x000000070d400000, 0x000000070d400000, 0x000000070d600000|  0%| F|  |TAMS 0x000000070d400000, 0x000000070d400000| Untracked 
|  88|0x000000070d600000, 0x000000070d600000, 0x000000070d800000|  0%| F|  |TAMS 0x000000070d600000, 0x000000070d600000| Untracked 
|  89|0x000000070d800000, 0x000000070d800000, 0x000000070da00000|  0%| F|  |TAMS 0x000000070d800000, 0x000000070d800000| Untracked 
|  90|0x000000070da00000, 0x000000070da00000, 0x000000070dc00000|  0%| F|  |TAMS 0x000000070da00000, 0x000000070da00000| Untracked 
|  91|0x000000070dc00000, 0x000000070dc00000, 0x000000070de00000|  0%| F|  |TAMS 0x000000070dc00000, 0x000000070dc00000| Untracked 
|  92|0x000000070de00000, 0x000000070de00000, 0x000000070e000000|  0%| F|  |TAMS 0x000000070de00000, 0x000000070de00000| Untracked 
|  93|0x000000070e000000, 0x000000070e000000, 0x000000070e200000|  0%| F|  |TAMS 0x000000070e000000, 0x000000070e000000| Untracked 
|  94|0x000000070e200000, 0x000000070e200000, 0x000000070e400000|  0%| F|  |TAMS 0x000000070e200000, 0x000000070e200000| Untracked 
|  95|0x000000070e400000, 0x000000070e400000, 0x000000070e600000|  0%| F|  |TAMS 0x000000070e400000, 0x000000070e400000| Untracked 
|  96|0x000000070e600000, 0x000000070e600000, 0x000000070e800000|  0%| F|  |TAMS 0x000000070e600000, 0x000000070e600000| Untracked 
|  97|0x000000070e800000, 0x000000070e800000, 0x000000070ea00000|  0%| F|  |TAMS 0x000000070e800000, 0x000000070e800000| Untracked 
|  98|0x000000070ea00000, 0x000000070ea00000, 0x000000070ec00000|  0%| F|  |TAMS 0x000000070ea00000, 0x000000070ea00000| Untracked 
|  99|0x000000070ec00000, 0x000000070ec00000, 0x000000070ee00000|  0%| F|  |TAMS 0x000000070ec00000, 0x000000070ec00000| Untracked 
| 100|0x000000070ee00000, 0x000000070ee00000, 0x000000070f000000|  0%| F|  |TAMS 0x000000070ee00000, 0x000000070ee00000| Untracked 
| 101|0x000000070f000000, 0x000000070f000000, 0x000000070f200000|  0%| F|  |TAMS 0x000000070f000000, 0x000000070f000000| Untracked 
| 102|0x000000070f200000, 0x000000070f200000, 0x000000070f400000|  0%| F|  |TAMS 0x000000070f200000, 0x000000070f200000| Untracked 
| 103|0x000000070f400000, 0x000000070f400000, 0x000000070f600000|  0%| F|  |TAMS 0x000000070f400000, 0x000000070f400000| Untracked 
| 104|0x000000070f600000, 0x000000070f600000, 0x000000070f800000|  0%| F|  |TAMS 0x000000070f600000, 0x000000070f600000| Untracked 
| 105|0x000000070f800000, 0x000000070f800000, 0x000000070fa00000|  0%| F|  |TAMS 0x000000070f800000, 0x000000070f800000| Untracked 
| 106|0x000000070fa00000, 0x000000070fa00000, 0x000000070fc00000|  0%| F|  |TAMS 0x000000070fa00000, 0x000000070fa00000| Untracked 
| 107|0x000000070fc00000, 0x000000070fc00000, 0x000000070fe00000|  0%| F|  |TAMS 0x000000070fc00000, 0x000000070fc00000| Untracked 
| 108|0x000000070fe00000, 0x000000070fe00000, 0x0000000710000000|  0%| F|  |TAMS 0x000000070fe00000, 0x000000070fe00000| Untracked 
| 109|0x0000000710000000, 0x0000000710000000, 0x0000000710200000|  0%| F|  |TAMS 0x0000000710000000, 0x0000000710000000| Untracked 
| 110|0x0000000710200000, 0x0000000710200000, 0x0000000710400000|  0%| F|  |TAMS 0x0000000710200000, 0x0000000710200000| Untracked 
| 111|0x0000000710400000, 0x0000000710400000, 0x0000000710600000|  0%| F|  |TAMS 0x0000000710400000, 0x0000000710400000| Untracked 
| 112|0x0000000710600000, 0x0000000710600000, 0x0000000710800000|  0%| F|  |TAMS 0x0000000710600000, 0x0000000710600000| Untracked 
| 113|0x0000000710800000, 0x0000000710800000, 0x0000000710a00000|  0%| F|  |TAMS 0x0000000710800000, 0x0000000710800000| Untracked 
| 114|0x0000000710a00000, 0x0000000710a00000, 0x0000000710c00000|  0%| F|  |TAMS 0x0000000710a00000, 0x0000000710a00000| Untracked 
| 115|0x0000000710c00000, 0x0000000710c00000, 0x0000000710e00000|  0%| F|  |TAMS 0x0000000710c00000, 0x0000000710c00000| Untracked 
| 116|0x0000000710e00000, 0x0000000710e00000, 0x0000000711000000|  0%| F|  |TAMS 0x0000000710e00000, 0x0000000710e00000| Untracked 
| 117|0x0000000711000000, 0x0000000711000000, 0x0000000711200000|  0%| F|  |TAMS 0x0000000711000000, 0x0000000711000000| Untracked 
| 118|0x0000000711200000, 0x0000000711200000, 0x0000000711400000|  0%| F|  |TAMS 0x0000000711200000, 0x0000000711200000| Untracked 
| 119|0x0000000711400000, 0x0000000711400000, 0x0000000711600000|  0%| F|  |TAMS 0x0000000711400000, 0x0000000711400000| Untracked 
| 120|0x0000000711600000, 0x0000000711675f80, 0x0000000711800000| 23%| E|  |TAMS 0x0000000711600000, 0x0000000711600000| Complete 
| 121|0x0000000711800000, 0x00000007119f60e0, 0x0000000711a00000| 98%| E|  |TAMS 0x0000000711800000, 0x0000000711800000| Complete 
| 122|0x0000000711a00000, 0x0000000711c00000, 0x0000000711c00000|100%| E|CS|TAMS 0x0000000711a00000, 0x0000000711a00000| Complete 
| 123|0x0000000711c00000, 0x0000000711e00000, 0x0000000711e00000|100%| E|CS|TAMS 0x0000000711c00000, 0x0000000711c00000| Complete 
| 124|0x0000000711e00000, 0x0000000712000000, 0x0000000712000000|100%| E|CS|TAMS 0x0000000711e00000, 0x0000000711e00000| Complete 
| 125|0x0000000712000000, 0x0000000712200000, 0x0000000712200000|100%| E|CS|TAMS 0x0000000712000000, 0x0000000712000000| Complete 
| 126|0x0000000712200000, 0x0000000712400000, 0x0000000712400000|100%| E|CS|TAMS 0x0000000712200000, 0x0000000712200000| Complete 

Card table byte_map: [0x00000239fec50000,0x00000239ff440000] _byte_map_base: 0x00000239fb43d000

Marking Bits (Prev, Next): (CMBitMap*) 0x00000239fe0e2fc0, (CMBitMap*) 0x00000239fe0e3000
 Prev Bits: [0x0000023992420000, 0x0000023996388000)
 Next Bits: [0x0000023996390000, 0x000002399a2f8000)

Polling page: 0x00000239fc1d0000

Metaspace:

Usage:
  Non-class:      7.47 MB used.
      Class:    740.21 KB used.
       Both:      8.20 MB used.

Virtual space:
  Non-class space:       64.00 MB reserved,       7.56 MB ( 12%) committed,  1 nodes.
      Class space:        1.00 GB reserved,     768.00 KB ( <1%) committed,  1 nodes.
             Both:        1.06 GB reserved,       8.31 MB ( <1%) committed. 

Chunk freelists:
   Non-Class:  8.31 MB
       Class:  15.20 MB
        Both:  23.51 MB

MaxMetaspaceSize: unlimited
CompressedClassSpaceSize: 1.00 GB
Initial GC threshold: 21.00 MB
Current GC threshold: 21.00 MB
CDS: off
MetaspaceReclaimPolicy: balanced
 - commit_granule_bytes: 65536.
 - commit_granule_words: 8192.
 - virtual_space_node_default_size: 8388608.
 - enlarge_chunks_in_place: 1.
 - new_chunks_are_fully_committed: 0.
 - uncommit_free_chunks: 1.
 - use_allocation_guard: 0.
 - handle_deallocations: 1.


Internal statistics:

num_allocs_failed_limit: 0.
num_arena_births: 14.
num_arena_deaths: 0.
num_vsnodes_births: 2.
num_vsnodes_deaths: 0.
num_space_committed: 133.
num_space_uncommitted: 0.
num_chunks_returned_to_freelist: 0.
num_chunks_taken_from_freelist: 56.
num_chunk_merges: 0.
num_chunk_splits: 25.
num_chunks_enlarged: 18.
num_inconsistent_stats: 0.

CodeHeap 'non-profiled nmethods': size=120000Kb used=174Kb max_used=174Kb free=119826Kb
 bounds [0x000002398aef0000, 0x000002398b160000, 0x0000023992420000]
CodeHeap 'profiled nmethods': size=120000Kb used=800Kb max_used=800Kb free=119199Kb
 bounds [0x0000023983420000, 0x0000023983690000, 0x000002398a950000]
CodeHeap 'non-nmethods': size=5760Kb used=1123Kb max_used=1146Kb free=4636Kb
 bounds [0x000002398a950000, 0x000002398abc0000, 0x000002398aef0000]
 total_blobs=925 nmethods=519 adapters=319
 compilation: enabled
              stopped_count=0, restarted_count=0
 full_count=0

Compilation events (20 events):
Event: 1.954 Thread 0x000002399cc268b0 nmethod 490 0x000002398af17110 code [0x000002398af17280, 0x000002398af17338]
Event: 1.954 Thread 0x000002399cc268b0  492       4       java.util.zip.ZipUtils::CENEXT (9 bytes)
Event: 1.954 Thread 0x000002399cc3ca90 nmethod 488 0x00000239834d7b10 code [0x00000239834d7ee0, 0x00000239834d97a8]
Event: 1.954 Thread 0x000002399cc268b0 nmethod 492 0x000002398af17410 code [0x000002398af17580, 0x000002398af17638]
Event: 1.954 Thread 0x000002399cc268b0  489       4       java.util.zip.ZipUtils::CENFLG (9 bytes)
Event: 1.954 Thread 0x000002399cc268b0 nmethod 489 0x000002398af17710 code [0x000002398af17880, 0x000002398af17938]
Event: 1.954 Thread 0x000002399cc268b0  491       4       java.util.zip.ZipUtils::CENHOW (9 bytes)
Event: 1.955 Thread 0x000002399cc268b0 nmethod 491 0x000002398af17a10 code [0x000002398af17b80, 0x000002398af17c38]
Event: 1.961 Thread 0x000002399cc268b0  494       4       java.lang.String::equals (56 bytes)
Event: 1.961 Thread 0x000002399cc3ca90  493       3       java.lang.String::endsWith (15 bytes)
Event: 1.962 Thread 0x000002399cc3ca90 nmethod 493 0x00000239834da510 code [0x00000239834da6e0, 0x00000239834daa28]
Event: 1.962 Thread 0x000002399cc268b0 nmethod 494 0x000002398af17d10 code [0x000002398af17e80, 0x000002398af18078]
Event: 2.113 Thread 0x000002399cc3ca90  495       1       java.nio.Buffer::position (5 bytes)
Event: 2.113 Thread 0x000002399cc3ca90 nmethod 495 0x000002398af18110 code [0x000002398af182a0, 0x000002398af18378]
Event: 2.113 Thread 0x000002399cc3ca90  496       3       java.lang.ThreadLocal::getMap (5 bytes)
Event: 2.113 Thread 0x000002399cc3ca90 nmethod 496 0x00000239834dac10 code [0x00000239834dada0, 0x00000239834daeb8]
Event: 2.113 Thread 0x000002399cc3ca90  497       3       java.util.ArrayDeque::poll (5 bytes)
Event: 2.113 Thread 0x000002399cc3ca90 nmethod 497 0x00000239834daf90 code [0x00000239834db140, 0x00000239834db288]
Event: 2.113 Thread 0x000002399cc3ca90  498   !   3       java.net.URL::<init> (543 bytes)
Event: 2.114 Thread 0x000002399cc268b0  501       4       java.lang.StringBuilder::append (8 bytes)

GC Heap History (0 events):
No events

Dll operation events (2 events):
Event: 0.006 Loaded shared library C:\Program Files\Android\Android Studio1\jbr\bin\java.dll
Event: 0.099 Loaded shared library C:\Program Files\Android\Android Studio1\jbr\bin\verify.dll

Deoptimization events (20 events):
Event: 0.244 Thread 0x00000239fe077180 DEOPT PACKING pc=0x0000023983469c0c sp=0x00000094c15f9810
Event: 0.244 Thread 0x00000239fe077180 DEOPT UNPACKING pc=0x000002398a9a7143 sp=0x00000094c15f8ca0 mode 0
Event: 0.251 Thread 0x00000239fe077180 DEOPT PACKING pc=0x0000023983432fd1 sp=0x00000094c15fa910
Event: 0.251 Thread 0x00000239fe077180 DEOPT UNPACKING pc=0x000002398a9a7143 sp=0x00000094c15f9d88 mode 0
Event: 0.314 Thread 0x00000239fe077180 DEOPT PACKING pc=0x000002398345037e sp=0x00000094c15fd5f0
Event: 0.314 Thread 0x00000239fe077180 DEOPT UNPACKING pc=0x000002398a9a7143 sp=0x00000094c15fca60 mode 0
Event: 0.345 Thread 0x00000239fe077180 DEOPT PACKING pc=0x0000023983465b3e sp=0x00000094c15fd810
Event: 0.345 Thread 0x00000239fe077180 DEOPT UNPACKING pc=0x000002398a9a7143 sp=0x00000094c15fcc88 mode 0
Event: 0.345 Thread 0x00000239fe077180 DEOPT PACKING pc=0x0000023983465b3e sp=0x00000094c15fd810
Event: 0.345 Thread 0x00000239fe077180 DEOPT UNPACKING pc=0x000002398a9a7143 sp=0x00000094c15fcc88 mode 0
Event: 0.347 Thread 0x00000239fe077180 DEOPT PACKING pc=0x0000023983465b3e sp=0x00000094c15fd810
Event: 0.347 Thread 0x00000239fe077180 DEOPT UNPACKING pc=0x000002398a9a7143 sp=0x00000094c15fcc88 mode 0
Event: 0.347 Thread 0x00000239fe077180 DEOPT PACKING pc=0x0000023983465b3e sp=0x00000094c15fd810
Event: 0.347 Thread 0x00000239fe077180 DEOPT UNPACKING pc=0x000002398a9a7143 sp=0x00000094c15fcc88 mode 0
Event: 0.602 Thread 0x00000239fe077180 DEOPT PACKING pc=0x0000023983470502 sp=0x00000094c15fd460
Event: 0.602 Thread 0x00000239fe077180 DEOPT UNPACKING pc=0x000002398a9a7143 sp=0x00000094c15fc920 mode 0
Event: 1.952 Thread 0x00000239fe077180 Uncommon trap: trap_request=0xffffff45 fr.pc=0x000002398af0e140 relative=0x0000000000000600
Event: 1.952 Thread 0x00000239fe077180 Uncommon trap: reason=unstable_if action=reinterpret pc=0x000002398af0e140 method=java.util.zip.ZipFile$Source.checkAndAddEntry(II)I @ 50 c2
Event: 1.952 Thread 0x00000239fe077180 DEOPT PACKING pc=0x000002398af0e140 sp=0x00000094c15fced0
Event: 1.952 Thread 0x00000239fe077180 DEOPT UNPACKING pc=0x000002398a9a69a3 sp=0x00000094c15fce40 mode 2

Classes unloaded (0 events):
No events

Classes redefined (0 events):
No events

Internal exceptions (1 events):
Event: 0.270 Thread 0x00000239fe077180 Exception <a 'java/lang/NoSuchMethodError'{0x0000000712185ad0}: 'int java.lang.invoke.DirectMethodHandle$Holder.invokeStaticInit(java.lang.Object, java.lang.Object)'> (0x0000000712185ad0) 
thrown [s\src\hotspot\share\interpreter\linkResolver.cpp, line 771]

VM Operations (6 events):
Event: 0.095 Executing VM operation: HandshakeAllThreads
Event: 0.095 Executing VM operation: HandshakeAllThreads done
Event: 1.098 Executing VM operation: Cleanup
Event: 1.098 Executing VM operation: Cleanup done
Event: 2.102 Executing VM operation: Cleanup
Event: 2.103 Executing VM operation: Cleanup done

Events (20 events):
Event: 0.348 loading class java/lang/invoke/DirectMethodHandle$Special
Event: 0.348 loading class java/lang/invoke/DirectMethodHandle$Special done
Event: 1.959 loading class java/io/BufferedReader
Event: 1.960 loading class java/io/BufferedReader done
Event: 1.960 loading class sun/nio/cs/StreamDecoder
Event: 1.960 loading class sun/nio/cs/StreamDecoder done
Event: 1.960 loading class sun/nio/cs/UTF_8$Decoder
Event: 1.960 loading class sun/nio/cs/UTF_8$Decoder done
Event: 1.960 loading class java/nio/CharBuffer
Event: 1.960 loading class java/nio/CharBuffer done
Event: 1.960 loading class java/nio/HeapCharBuffer
Event: 1.960 loading class java/nio/HeapCharBuffer done
Event: 1.960 loading class java/nio/charset/CoderResult
Event: 1.960 loading class java/nio/charset/CoderResult done
Event: 1.961 loading class java/util/LinkedList
Event: 1.961 loading class java/util/AbstractSequentialList
Event: 1.961 loading class java/util/AbstractSequentialList done
Event: 1.961 loading class java/util/LinkedList done
Event: 1.961 loading class java/util/LinkedList$Node
Event: 1.961 loading class java/util/LinkedList$Node done


Dynamic libraries:
0x00007ff6eea60000 - 0x00007ff6eea6a000 	C:\Program Files\Android\Android Studio1\jbr\bin\java.exe
0x00007ffc38830000 - 0x00007ffc38a28000 	C:\WINDOWS\SYSTEM32\ntdll.dll
0x00007ffc36ac0000 - 0x00007ffc36b7d000 	C:\WINDOWS\System32\KERNEL32.DLL
0x00007ffc361a0000 - 0x00007ffc36496000 	C:\WINDOWS\System32\KERNELBASE.dll
0x00007ffc35ef0000 - 0x00007ffc35ff0000 	C:\WINDOWS\System32\ucrtbase.dll
0x00007ffbfb0c0000 - 0x00007ffbfb0d7000 	C:\Program Files\Android\Android Studio1\jbr\bin\jli.dll
0x00007ffc37a50000 - 0x00007ffc37bef000 	C:\WINDOWS\System32\USER32.dll
0x00007ffc2ab80000 - 0x00007ffc2ab9b000 	C:\Program Files\Android\Android Studio1\jbr\bin\VCRUNTIME140.dll
0x00007ffc364a0000 - 0x00007ffc364c2000 	C:\WINDOWS\System32\win32u.dll
0x00007ffc193d0000 - 0x00007ffc1966a000 	C:\WINDOWS\WinSxS\amd64_microsoft.windows.common-controls_6595b64144ccf1df_6.0.19041.4355_none_60b8b9eb71f62e16\COMCTL32.dll
0x00007ffc36a90000 - 0x00007ffc36abb000 	C:\WINDOWS\System32\GDI32.dll
0x00007ffc379b0000 - 0x00007ffc37a4e000 	C:\WINDOWS\System32\msvcrt.dll
0x00007ffc36750000 - 0x00007ffc36867000 	C:\WINDOWS\System32\gdi32full.dll
0x00007ffc364d0000 - 0x00007ffc3656d000 	C:\WINDOWS\System32\msvcp_win.dll
0x00007ffc381f0000 - 0x00007ffc3821f000 	C:\WINDOWS\System32\IMM32.DLL
0x00007ffc2ce50000 - 0x00007ffc2ce5c000 	C:\Program Files\Android\Android Studio1\jbr\bin\vcruntime140_1.dll
0x00007ffbfc950000 - 0x00007ffbfc9dd000 	C:\Program Files\Android\Android Studio1\jbr\bin\msvcp140.dll
0x00007ffbb0b40000 - 0x00007ffbb17c3000 	C:\Program Files\Android\Android Studio1\jbr\bin\server\jvm.dll
0x00007ffc36870000 - 0x00007ffc36920000 	C:\WINDOWS\System32\ADVAPI32.dll
0x00007ffc37bf0000 - 0x00007ffc37c90000 	C:\WINDOWS\System32\sechost.dll
0x00007ffc376e0000 - 0x00007ffc37803000 	C:\WINDOWS\System32\RPCRT4.dll
0x00007ffc36570000 - 0x00007ffc36597000 	C:\WINDOWS\System32\bcrypt.dll
0x00007ffc21700000 - 0x00007ffc21709000 	C:\WINDOWS\SYSTEM32\WSOCK32.dll
0x00007ffc35d40000 - 0x00007ffc35d8b000 	C:\WINDOWS\SYSTEM32\POWRPROF.dll
0x00007ffc38780000 - 0x00007ffc387eb000 	C:\WINDOWS\System32\WS2_32.dll
0x00007ffc2f320000 - 0x00007ffc2f32a000 	C:\WINDOWS\SYSTEM32\VERSION.dll
0x00007ffc22350000 - 0x00007ffc22377000 	C:\WINDOWS\SYSTEM32\WINMM.dll
0x00007ffc35d20000 - 0x00007ffc35d32000 	C:\WINDOWS\SYSTEM32\UMPDC.dll
0x00007ffc34730000 - 0x00007ffc34742000 	C:\WINDOWS\SYSTEM32\kernel.appcore.dll
0x00007ffc314e0000 - 0x00007ffc314ea000 	C:\Program Files\Android\Android Studio1\jbr\bin\jimage.dll
0x00007ffc33c60000 - 0x00007ffc33e44000 	C:\WINDOWS\SYSTEM32\DBGHELP.DLL
0x00007ffc253c0000 - 0x00007ffc253f4000 	C:\WINDOWS\SYSTEM32\dbgcore.DLL
0x00007ffc366c0000 - 0x00007ffc36742000 	C:\WINDOWS\System32\bcryptPrimitives.dll
0x00007ffc2e450000 - 0x00007ffc2e475000 	C:\Program Files\Android\Android Studio1\jbr\bin\java.dll
0x00007ffc26a60000 - 0x00007ffc26a78000 	C:\Program Files\Android\Android Studio1\jbr\bin\zip.dll
0x00007ffc36ea0000 - 0x00007ffc3760c000 	C:\WINDOWS\System32\SHELL32.dll
0x00007ffc33e50000 - 0x00007ffc345ed000 	C:\WINDOWS\SYSTEM32\windows.storage.dll
0x00007ffc382a0000 - 0x00007ffc385f3000 	C:\WINDOWS\System32\combase.dll
0x00007ffc35840000 - 0x00007ffc3586e000 	C:\WINDOWS\SYSTEM32\Wldp.dll
0x00007ffc37610000 - 0x00007ffc376dd000 	C:\WINDOWS\System32\OLEAUT32.dll
0x00007ffc36c40000 - 0x00007ffc36ced000 	C:\WINDOWS\System32\SHCORE.dll
0x00007ffc38170000 - 0x00007ffc381c5000 	C:\WINDOWS\System32\shlwapi.dll
0x00007ffc35e20000 - 0x00007ffc35e44000 	C:\WINDOWS\SYSTEM32\profapi.dll
0x00007ffc26970000 - 0x00007ffc26989000 	C:\Program Files\Android\Android Studio1\jbr\bin\net.dll
0x00007ffc2d1f0000 - 0x00007ffc2d2fa000 	C:\WINDOWS\SYSTEM32\WINHTTP.dll
0x00007ffc355a0000 - 0x00007ffc3560a000 	C:\WINDOWS\system32\mswsock.dll
0x00007ffc0e5a0000 - 0x00007ffc0e5b6000 	C:\Program Files\Android\Android Studio1\jbr\bin\nio.dll
0x00007ffc31060000 - 0x00007ffc31070000 	C:\Program Files\Android\Android Studio1\jbr\bin\verify.dll

dbghelp: loaded successfully - version: 4.0.5 - missing functions: none
symbol engine: initialized successfully - sym options: 0x614 - pdb path: .;C:\Program Files\Android\Android Studio1\jbr\bin;C:\WINDOWS\SYSTEM32;C:\WINDOWS\WinSxS\amd64_microsoft.windows.common-controls_6595b64144ccf1df_6.0.19041.4355_none_60b8b9eb71f62e16;C:\Program Files\Android\Android Studio1\jbr\bin\server

VM Arguments:
jvm_args: -Dorg.gradle.appname=gradlew 
java_command: org.gradle.wrapper.GradleWrapperMain -q -Ptarget-platform=android-x86 -Ptarget=C:\Users\verge\Documents\bloc-quiz-main\lib\main.dart -Pbase-application-name=android.app.Application -Pdart-defines=Zmx1dHRlci5pbnNwZWN0b3Iuc3RydWN0dXJlZEVycm9ycz10cnVl,RkxVVFRFUl9XRUJfQVVUT19ERVRFQ1Q9dHJ1ZQ==,RkxVVFRFUl9XRUJfQ0FOVkFTS0lUX1VSTD1odHRwczovL3d3dy5nc3RhdGljLmNvbS9mbHV0dGVyLWNhbnZhc2tpdC9mNDBlOTc2YmVkZmY1N2U2OWUxYjNkODlhN2MyYTNjNjE3YTAzZGFkLw== -Pdart-obfuscation=false -Ptrack-widget-creation=true -Ptree-shake-icons=false -Pfilesystem-scheme=org-dartlang-root assembleDebug
java_class_path (initial): C:\Users\verge\Documents\bloc-quiz-main\android\\gradle\wrapper\gradle-wrapper.jar
Launcher Type: SUN_STANDARD

[Global flags]
     intx CICompilerCount                          = 4                                         {product} {ergonomic}
     uint ConcGCThreads                            = 2                                         {product} {ergonomic}
     uint G1ConcRefinementThreads                  = 8                                         {product} {ergonomic}
   size_t G1HeapRegionSize                         = 2097152                                   {product} {ergonomic}
    uintx GCDrainStackTargetSize                   = 64                                        {product} {ergonomic}
   size_t InitialHeapSize                          = 266338304                                 {product} {ergonomic}
   size_t MarkStackSize                            = 4194304                                   {product} {ergonomic}
   size_t MaxHeapSize                              = 4255121408                                {product} {ergonomic}
   size_t MaxNewSize                               = 2552233984                                {product} {ergonomic}
   size_t MinHeapDeltaBytes                        = 2097152                                   {product} {ergonomic}
   size_t MinHeapSize                              = 8388608                                   {product} {ergonomic}
    uintx NonNMethodCodeHeapSize                   = 5839372                                {pd product} {ergonomic}
    uintx NonProfiledCodeHeapSize                  = 122909434                              {pd product} {ergonomic}
    uintx ProfiledCodeHeapSize                     = 122909434                              {pd product} {ergonomic}
    uintx ReservedCodeCacheSize                    = 251658240                              {pd product} {ergonomic}
     bool SegmentedCodeCache                       = true                                      {product} {ergonomic}
   size_t SoftMaxHeapSize                          = 4255121408                             {manageable} {ergonomic}
     bool UseCompressedClassPointers               = true                           {product lp64_product} {ergonomic}
     bool UseCompressedOops                        = true                           {product lp64_product} {ergonomic}
     bool UseG1GC                                  = true                                      {product} {ergonomic}
     bool UseLargePagesIndividualAllocation        = false                                  {pd product} {ergonomic}

Logging:
Log output configuration:
 #0: stdout all=warning uptime,level,tags
 #1: stderr all=off uptime,level,tags

Environment Variables:
JAVA_HOME=C:\Program Files\Android\Android Studio1\jbr
CLASSPATH=C:\Users\verge\Documents\bloc-quiz-main\android\\gradle\wrapper\gradle-wrapper.jar
PATH=C:\Program Files\Android\Android Studio1\jbr\bin;C:\Program Files (x86)\Embarcadero\Studio\23.0\bin;C:\Users\Public\Documents\Embarcadero\Studio\23.0\Bpl;C:\Program Files (x86)\Embarcadero\Studio\23.0\bin64;C:\Users\Public\Documents\Embarcadero\Studio\23.0\Bpl\Win64;C:\Program Files\Common Files\Oracle\Java\javapath;C:\Program Files (x86)\Common Files\Oracle\Java\javapath;C:\Program Files (x86)\Common Files\Intel\Shared Libraries\redist\intel64\compiler;C:\WINDOWS\system32;C:\WINDOWS;C:\WINDOWS\System32\Wbem;C:\WINDOWS\System32\WindowsPowerShell\v1.0\;C:\Program Files\7-Zip;C:\WINDOWS\System32\OpenSSH\;C:\Program Files (x86)\NVIDIA Corporation\PhysX\Common;C:\Program Files\NVIDIA Corporation\NVIDIA NvDLISR;C:\Program Files (x86)\NoteBook FanControl\;C:\Program Files\Git\cmd;C:\Program Files\dotnet\;C:\Program Files\Go\bin;C:\Program Files\nodejs\;C:\WINDOWS\system32;C:\WINDOWS;C:\WINDOWS\System32\Wbem;C:\WINDOWS\System32\WindowsPowerShell\v1.0\;C:\WINDOWS\System32\OpenSSH\;C:\Program Files\gnuplot\bin;C:\Users\verge\AppData\Local\Pub\Cache\bin;C:\Program Files (x86)\Windows Kits\10\Windows Performance Toolkit\;C:\Program Files (x86)\Intel\Intel(R) Management Engine Components\DAL;C:\Program Files\Intel\Intel(R) Management Engine Components\DAL;c:\Users\verge\AppData\Local\Programs\cursor\resources\app\bin;C:\Program Files\MySQL\MySQL Shell 8.0\bin\;C:\Users\verge\AppData\Local\Programs\Python\Python311\Scripts\;C:\Users\verge\AppData\Local\Programs\Python\Python311\;C:\Users\verge\AppData\Local\Programs\Python\Python38-32\Scripts\;C:\Users\verge\AppData\Local\Programs\Python\Python38-32\;C:\Users\verge\AppData\Roaming\ActiveState\bin;C:\Program Files (x86)\ActiveState Komodo IDE 12\;C:\ProgramData\Oracle\Java\javapath;C:\WINDOWS\system32;C:\WINDOWS;C:\WINDOWS\System32\Wbem;C:\WINDOWS\System32\WindowsPowerShell\v1.0\;C:\Program Files\7-Zip;C:\WINDOWS\System32\OpenSSH\;C:\Program Files\JetBrains\PyCharm Community Edition 2023.3.4\bin;;C:\Users\verge\AppData\Local\Mi
USERNAME=verge
OS=Windows_NT
PROCESSOR_IDENTIFIER=Intel64 Family 6 Model 158 Stepping 10, GenuineIntel
TMP=C:\Users\verge\AppData\Local\Temp
TEMP=C:\Users\verge\AppData\Local\Temp



Periodic native trim disabled

JNI global refs:
JNI global refs: 9, weak refs: 0

JNI global refs memory usage: 843, weak refs: 209

OOME stack traces (most recent first):
Classloader memory used:
Loader bootstrap                                                                       : 1005K
Loader java.net.URLClassLoader                                                         : 26124B
Loader jdk.internal.loader.ClassLoaders$AppClassLoader                                 : 18431B
Loader org.gradle.internal.classloader.VisitableURLClassLoader                         : 966B


---------------  S Y S T E M  ---------------

OS:
 Windows 10 , 64 bit Build 19041 (10.0.19041.3636)
OS uptime: 2 days 21:17 hours

CPU: total 8 (initial active 8) (4 cores per cpu, 2 threads per core) family 6 model 158 stepping 10 microcode 0xf0, cx8, cmov, fxsr, ht, mmx, 3dnowpref, sse, sse2, sse3, ssse3, sse4.1, sse4.2, popcnt, lzcnt, tsc, tscinvbit, avx, avx2, aes, erms, clmul, bmi1, bmi2, adx, fma, vzeroupper, clflush, clflushopt
Processor Information for all 8 processors :
  Max Mhz: 2304, Current Mhz: 2304, Mhz Limit: 2304

Memory: 4k page, system-wide physical 16229M (2727M free)
TotalPageFile size 24229M (AvailPageFile size 1M)
current process WorkingSet (physical memory assigned to process): 52M, peak: 52M
current process commit charge ("private bytes"): 342M, peak: 344M

vm_info: OpenJDK 64-Bit Server VM (17.0.10+0--11609105) for windows-amd64 JRE (17.0.10+0--11609105), built on Mar 21 2024 19:10:56 by "androidbuild" with MS VC++ 16.10 / 16.11 (VS2019)

END.
